<?xml version="1.0" encoding="UTF-8"?>
<coverage generated="1521857910248" clover="3.2.0">
  <project timestamp="1521857910249" name="All files">
    <metrics statements="425" coveredstatements="107" conditionals="180" coveredconditionals="19" methods="137" coveredmethods="16" elements="742" coveredelements="142" complexity="0" loc="425" ncloc="425" packages="7" files="22" classes="22">
      <package name="src">
        <metrics statements="1" coveredstatements="1" conditionals="0" coveredconditionals="0" methods="0" coveredmethods="0"/>
        <file name="enzyme.setup.js" path="/Users/sccdesnaijer/Sites/2018/game-of-life-react/src/enzyme.setup.js">
          <metrics statements="1" coveredstatements="1" conditionals="0" coveredconditionals="0" methods="0" coveredmethods="0"/>
          <line num="3" count="5" type="stmt"/>
        </file>
      </package>
      <package name="src.actions">
        <metrics statements="23" coveredstatements="23" conditionals="0" coveredconditionals="0" methods="23" coveredmethods="0"/>
        <file name="actions.js" path="/Users/sccdesnaijer/Sites/2018/game-of-life-react/src/actions/actions.js">
          <metrics statements="23" coveredstatements="23" conditionals="0" coveredconditionals="0" methods="23" coveredmethods="0"/>
          <line num="3" count="1" type="stmt"/>
          <line num="7" count="1" type="stmt"/>
          <line num="15" count="1" type="stmt"/>
          <line num="22" count="1" type="stmt"/>
          <line num="26" count="1" type="stmt"/>
          <line num="33" count="1" type="stmt"/>
          <line num="40" count="1" type="stmt"/>
          <line num="44" count="1" type="stmt"/>
          <line num="48" count="1" type="stmt"/>
          <line num="52" count="1" type="stmt"/>
          <line num="61" count="1" type="stmt"/>
          <line num="68" count="1" type="stmt"/>
          <line num="75" count="1" type="stmt"/>
          <line num="82" count="1" type="stmt"/>
          <line num="89" count="1" type="stmt"/>
          <line num="96" count="1" type="stmt"/>
          <line num="100" count="1" type="stmt"/>
          <line num="107" count="1" type="stmt"/>
          <line num="114" count="1" type="stmt"/>
          <line num="121" count="1" type="stmt"/>
          <line num="129" count="1" type="stmt"/>
          <line num="133" count="1" type="stmt"/>
          <line num="140" count="1" type="stmt"/>
        </file>
      </package>
      <package name="src.components">
        <metrics statements="73" coveredstatements="49" conditionals="32" coveredconditionals="16" methods="20" coveredmethods="14"/>
        <file name="App.jsx" path="/Users/sccdesnaijer/Sites/2018/game-of-life-react/src/components/App.jsx">
          <metrics statements="1" coveredstatements="1" conditionals="0" coveredconditionals="0" methods="1" coveredmethods="1"/>
          <line num="10" count="1" type="stmt"/>
        </file>
        <file name="Button.jsx" path="/Users/sccdesnaijer/Sites/2018/game-of-life-react/src/components/Button.jsx">
          <metrics statements="3" coveredstatements="3" conditionals="4" coveredconditionals="4" methods="1" coveredmethods="1"/>
          <line num="12" count="2" type="stmt"/>
          <line num="13" count="2" type="stmt"/>
          <line num="22" count="2" type="stmt"/>
        </file>
        <file name="Canvas.jsx" path="/Users/sccdesnaijer/Sites/2018/game-of-life-react/src/components/Canvas.jsx">
          <metrics statements="35" coveredstatements="35" conditionals="10" coveredconditionals="8" methods="7" coveredmethods="7"/>
          <line num="23" count="2" type="stmt"/>
          <line num="24" count="2" type="cond" truecount="2" falsecount="0"/>
          <line num="25" count="1" type="stmt"/>
          <line num="32" count="2" type="stmt"/>
          <line num="36" count="2" type="stmt"/>
          <line num="37" count="2" type="stmt"/>
          <line num="38" count="2" type="stmt"/>
          <line num="40" count="2" type="stmt"/>
          <line num="42" count="2" type="stmt"/>
          <line num="44" count="2" type="stmt"/>
          <line num="45" count="6" type="stmt"/>
          <line num="46" count="18" type="stmt"/>
          <line num="47" count="18" type="stmt"/>
          <line num="48" count="18" type="stmt"/>
          <line num="49" count="18" type="stmt"/>
          <line num="52" count="18" type="stmt"/>
          <line num="53" count="18" type="stmt"/>
          <line num="54" count="18" type="cond" truecount="2" falsecount="0"/>
          <line num="57" count="18" type="cond" truecount="2" falsecount="0"/>
          <line num="60" count="18" type="cond" truecount="2" falsecount="2"/>
          <line num="61" count="18" type="stmt"/>
          <line num="62" count="18" type="stmt"/>
          <line num="63" count="18" type="stmt"/>
          <line num="65" count="18" type="stmt"/>
          <line num="66" count="18" type="stmt"/>
          <line num="73" count="1" type="stmt"/>
          <line num="74" count="1" type="stmt"/>
          <line num="76" count="1" type="stmt"/>
          <line num="77" count="1" type="stmt"/>
          <line num="78" count="1" type="stmt"/>
          <line num="79" count="1" type="stmt"/>
          <line num="83" count="1" type="stmt"/>
          <line num="87" count="1" type="stmt"/>
          <line num="88" count="1" type="stmt"/>
          <line num="89" count="1" type="stmt"/>
        </file>
        <file name="Input.jsx" path="/Users/sccdesnaijer/Sites/2018/game-of-life-react/src/components/Input.jsx">
          <metrics statements="13" coveredstatements="0" conditionals="8" coveredconditionals="0" methods="3" coveredmethods="0"/>
          <line num="21" count="0" type="stmt"/>
          <line num="22" count="0" type="stmt"/>
          <line num="28" count="0" type="stmt"/>
          <line num="30" count="0" type="stmt"/>
          <line num="31" count="0" type="stmt"/>
          <line num="33" count="0" type="stmt"/>
          <line num="37" count="0" type="cond" truecount="0" falsecount="4"/>
          <line num="38" count="0" type="cond" truecount="0" falsecount="2"/>
          <line num="39" count="0" type="stmt"/>
          <line num="43" count="0" type="cond" truecount="0" falsecount="2"/>
          <line num="44" count="0" type="stmt"/>
          <line num="49" count="0" type="stmt"/>
          <line num="50" count="0" type="stmt"/>
        </file>
        <file name="InputNumber.jsx" path="/Users/sccdesnaijer/Sites/2018/game-of-life-react/src/components/InputNumber.jsx">
          <metrics statements="11" coveredstatements="0" conditionals="6" coveredconditionals="0" methods="3" coveredmethods="0"/>
          <line num="25" count="0" type="stmt"/>
          <line num="27" count="0" type="stmt"/>
          <line num="33" count="0" type="stmt"/>
          <line num="35" count="0" type="stmt"/>
          <line num="36" count="0" type="stmt"/>
          <line num="37" count="0" type="stmt"/>
          <line num="38" count="0" type="cond" truecount="0" falsecount="4"/>
          <line num="40" count="0" type="stmt"/>
          <line num="44" count="0" type="cond" truecount="0" falsecount="2"/>
          <line num="45" count="0" type="stmt"/>
          <line num="50" count="0" type="stmt"/>
        </file>
        <file name="ToggleButton.jsx" path="/Users/sccdesnaijer/Sites/2018/game-of-life-react/src/components/ToggleButton.jsx">
          <metrics statements="4" coveredstatements="4" conditionals="2" coveredconditionals="2" methods="2" coveredmethods="2"/>
          <line num="12" count="2" type="stmt"/>
          <line num="19" count="2" type="stmt"/>
          <line num="20" count="1" type="stmt"/>
          <line num="22" count="2" type="stmt"/>
        </file>
        <file name="ToggleGroup.jsx" path="/Users/sccdesnaijer/Sites/2018/game-of-life-react/src/components/ToggleGroup.jsx">
          <metrics statements="6" coveredstatements="6" conditionals="2" coveredconditionals="2" methods="3" coveredmethods="3"/>
          <line num="7" count="2" type="stmt"/>
          <line num="8" count="2" type="stmt"/>
          <line num="14" count="1" type="stmt"/>
          <line num="20" count="3" type="stmt"/>
          <line num="21" count="3" type="cond" truecount="2" falsecount="0"/>
          <line num="23" count="3" type="stmt"/>
        </file>
      </package>
      <package name="src.constants">
        <metrics statements="0" coveredstatements="0" conditionals="0" coveredconditionals="0" methods="0" coveredmethods="0"/>
        <file name="actions.js" path="/Users/sccdesnaijer/Sites/2018/game-of-life-react/src/constants/actions.js">
          <metrics statements="0" coveredstatements="0" conditionals="0" coveredconditionals="0" methods="0" coveredmethods="0"/>
        </file>
        <file name="fixture.js" path="/Users/sccdesnaijer/Sites/2018/game-of-life-react/src/constants/fixture.js">
          <metrics statements="0" coveredstatements="0" conditionals="0" coveredconditionals="0" methods="0" coveredmethods="0"/>
        </file>
        <file name="keys.js" path="/Users/sccdesnaijer/Sites/2018/game-of-life-react/src/constants/keys.js">
          <metrics statements="0" coveredstatements="0" conditionals="0" coveredconditionals="0" methods="0" coveredmethods="0"/>
        </file>
        <file name="presets.js" path="/Users/sccdesnaijer/Sites/2018/game-of-life-react/src/constants/presets.js">
          <metrics statements="0" coveredstatements="0" conditionals="0" coveredconditionals="0" methods="0" coveredmethods="0"/>
        </file>
      </package>
      <package name="src.containers">
        <metrics statements="165" coveredstatements="5" conditionals="75" coveredconditionals="0" methods="45" coveredmethods="0"/>
        <file name="Canvas.jsx" path="/Users/sccdesnaijer/Sites/2018/game-of-life-react/src/containers/Canvas.jsx">
          <metrics statements="124" coveredstatements="1" conditionals="61" coveredconditionals="0" methods="26" coveredmethods="0"/>
          <line num="30" count="1" type="stmt"/>
          <line num="31" count="0" type="stmt"/>
          <line num="64" count="0" type="stmt"/>
          <line num="65" count="0" type="stmt"/>
          <line num="81" count="0" type="stmt"/>
          <line num="84" count="0" type="stmt"/>
          <line num="86" count="0" type="stmt"/>
          <line num="87" count="0" type="stmt"/>
          <line num="88" count="0" type="stmt"/>
          <line num="89" count="0" type="stmt"/>
          <line num="90" count="0" type="stmt"/>
          <line num="91" count="0" type="stmt"/>
          <line num="95" count="0" type="stmt"/>
          <line num="96" count="0" type="stmt"/>
          <line num="97" count="0" type="stmt"/>
          <line num="98" count="0" type="stmt"/>
          <line num="99" count="0" type="stmt"/>
          <line num="100" count="0" type="stmt"/>
          <line num="104" count="0" type="stmt"/>
          <line num="105" count="0" type="stmt"/>
          <line num="108" count="0" type="cond" truecount="0" falsecount="2"/>
          <line num="109" count="0" type="stmt"/>
          <line num="115" count="0" type="cond" truecount="0" falsecount="2"/>
          <line num="116" count="0" type="stmt"/>
          <line num="121" count="0" type="cond" truecount="0" falsecount="2"/>
          <line num="122" count="0" type="stmt"/>
          <line num="127" count="0" type="cond" truecount="0" falsecount="2"/>
          <line num="128" count="0" type="cond" truecount="0" falsecount="2"/>
          <line num="129" count="0" type="stmt"/>
          <line num="132" count="0" type="stmt"/>
          <line num="133" count="0" type="stmt"/>
          <line num="134" count="0" type="stmt"/>
          <line num="137" count="0" type="cond" truecount="0" falsecount="4"/>
          <line num="138" count="0" type="stmt"/>
          <line num="140" count="0" type="stmt"/>
          <line num="142" count="0" type="cond" truecount="0" falsecount="2"/>
          <line num="143" count="0" type="cond" truecount="0" falsecount="2"/>
          <line num="144" count="0" type="stmt"/>
          <line num="146" count="0" type="stmt"/>
          <line num="148" count="0" type="stmt"/>
          <line num="150" count="0" type="cond" truecount="0" falsecount="2"/>
          <line num="151" count="0" type="stmt"/>
          <line num="154" count="0" type="stmt"/>
          <line num="156" count="0" type="stmt"/>
          <line num="161" count="0" type="stmt"/>
          <line num="166" count="0" type="stmt"/>
          <line num="174" count="0" type="cond" truecount="0" falsecount="2"/>
          <line num="179" count="0" type="stmt"/>
          <line num="184" count="0" type="cond" truecount="0" falsecount="2"/>
          <line num="188" count="0" type="stmt"/>
          <line num="189" count="0" type="stmt"/>
          <line num="192" count="0" type="cond" truecount="0" falsecount="2"/>
          <line num="197" count="0" type="stmt"/>
          <line num="203" count="0" type="cond" truecount="0" falsecount="2"/>
          <line num="204" count="0" type="stmt"/>
          <line num="206" count="0" type="cond" truecount="0" falsecount="2"/>
          <line num="209" count="0" type="stmt"/>
          <line num="215" count="0" type="stmt"/>
          <line num="221" count="0" type="stmt"/>
          <line num="223" count="0" type="stmt"/>
          <line num="224" count="0" type="stmt"/>
          <line num="227" count="0" type="stmt"/>
          <line num="234" count="0" type="stmt"/>
          <line num="237" count="0" type="stmt"/>
          <line num="238" count="0" type="cond" truecount="0" falsecount="2"/>
          <line num="239" count="0" type="stmt"/>
          <line num="244" count="0" type="stmt"/>
          <line num="245" count="0" type="stmt"/>
          <line num="246" count="0" type="stmt"/>
          <line num="247" count="0" type="stmt"/>
          <line num="248" count="0" type="stmt"/>
          <line num="252" count="0" type="stmt"/>
          <line num="255" count="0" type="stmt"/>
          <line num="262" count="0" type="stmt"/>
          <line num="266" count="0" type="stmt"/>
          <line num="267" count="0" type="stmt"/>
          <line num="268" count="0" type="stmt"/>
          <line num="270" count="0" type="stmt"/>
          <line num="272" count="0" type="stmt"/>
          <line num="274" count="0" type="stmt"/>
          <line num="275" count="0" type="stmt"/>
          <line num="276" count="0" type="stmt"/>
          <line num="277" count="0" type="stmt"/>
          <line num="278" count="0" type="stmt"/>
          <line num="279" count="0" type="stmt"/>
          <line num="282" count="0" type="stmt"/>
          <line num="284" count="0" type="cond" truecount="0" falsecount="2"/>
          <line num="286" count="0" type="stmt"/>
          <line num="287" count="0" type="stmt"/>
          <line num="288" count="0" type="stmt"/>
          <line num="290" count="0" type="stmt"/>
          <line num="291" count="0" type="stmt"/>
          <line num="298" count="0" type="stmt"/>
          <line num="299" count="0" type="stmt"/>
          <line num="300" count="0" type="stmt"/>
          <line num="304" count="0" type="stmt"/>
          <line num="305" count="0" type="stmt"/>
          <line num="306" count="0" type="stmt"/>
          <line num="310" count="0" type="stmt"/>
          <line num="311" count="0" type="stmt"/>
          <line num="318" count="0" type="stmt"/>
          <line num="325" count="0" type="stmt"/>
          <line num="330" count="0" type="stmt"/>
          <line num="332" count="0" type="cond" truecount="0" falsecount="4"/>
          <line num="333" count="0" type="stmt"/>
          <line num="341" count="0" type="cond" truecount="0" falsecount="2"/>
          <line num="342" count="0" type="stmt"/>
          <line num="345" count="0" type="cond" truecount="0" falsecount="2"/>
          <line num="347" count="0" type="stmt"/>
          <line num="349" count="0" type="cond" truecount="0" falsecount="2"/>
          <line num="351" count="0" type="stmt"/>
          <line num="353" count="0" type="stmt"/>
          <line num="355" count="0" type="stmt"/>
          <line num="363" count="0" type="stmt"/>
          <line num="367" count="0" type="stmt"/>
          <line num="375" count="0" type="stmt"/>
          <line num="376" count="0" type="cond" truecount="0" falsecount="4"/>
          <line num="377" count="0" type="cond" truecount="0" falsecount="2"/>
          <line num="381" count="0" type="stmt"/>
          <line num="395" count="0" type="cond" truecount="0" falsecount="2"/>
          <line num="396" count="0" type="stmt"/>
          <line num="399" count="0" type="cond" truecount="0" falsecount="2"/>
          <line num="400" count="0" type="stmt"/>
          <line num="405" count="0" type="stmt"/>
        </file>
        <file name="Controls.jsx" path="/Users/sccdesnaijer/Sites/2018/game-of-life-react/src/containers/Controls.jsx">
          <metrics statements="6" coveredstatements="1" conditionals="2" coveredconditionals="0" methods="4" coveredmethods="0"/>
          <line num="42" count="1" type="stmt"/>
          <line num="43" count="0" type="stmt"/>
          <line num="75" count="0" type="stmt"/>
          <line num="79" count="0" type="stmt"/>
          <line num="84" count="0" type="cond" truecount="0" falsecount="2"/>
          <line num="85" count="0" type="stmt"/>
        </file>
        <file name="Game.jsx" path="/Users/sccdesnaijer/Sites/2018/game-of-life-react/src/containers/Game.jsx">
          <metrics statements="24" coveredstatements="1" conditionals="10" coveredconditionals="0" methods="8" coveredmethods="0"/>
          <line num="15" count="1" type="stmt"/>
          <line num="16" count="0" type="stmt"/>
          <line num="37" count="0" type="stmt"/>
          <line num="38" count="0" type="cond" truecount="0" falsecount="2"/>
          <line num="39" count="0" type="stmt"/>
          <line num="43" count="0" type="cond" truecount="0" falsecount="2"/>
          <line num="44" count="0" type="stmt"/>
          <line num="50" count="0" type="stmt"/>
          <line num="52" count="0" type="stmt"/>
          <line num="60" count="0" type="cond" truecount="0" falsecount="2"/>
          <line num="61" count="0" type="stmt"/>
          <line num="63" count="0" type="stmt"/>
          <line num="65" count="0" type="stmt"/>
          <line num="66" count="0" type="stmt"/>
          <line num="69" count="0" type="cond" truecount="0" falsecount="2"/>
          <line num="70" count="0" type="stmt"/>
          <line num="73" count="0" type="stmt"/>
          <line num="79" count="0" type="stmt"/>
          <line num="80" count="0" type="cond" truecount="0" falsecount="2"/>
          <line num="81" count="0" type="stmt"/>
          <line num="83" count="0" type="stmt"/>
          <line num="88" count="0" type="stmt"/>
          <line num="89" count="0" type="stmt"/>
          <line num="93" count="0" type="stmt"/>
        </file>
        <file name="Preset.jsx" path="/Users/sccdesnaijer/Sites/2018/game-of-life-react/src/containers/Preset.jsx">
          <metrics statements="6" coveredstatements="1" conditionals="2" coveredconditionals="0" methods="3" coveredmethods="0"/>
          <line num="12" count="1" type="stmt"/>
          <line num="13" count="0" type="stmt"/>
          <line num="22" count="0" type="stmt"/>
          <line num="23" count="0" type="stmt"/>
          <line num="27" count="0" type="cond" truecount="0" falsecount="2"/>
          <line num="29" count="0" type="stmt"/>
        </file>
        <file name="Presets.jsx" path="/Users/sccdesnaijer/Sites/2018/game-of-life-react/src/containers/Presets.jsx">
          <metrics statements="5" coveredstatements="1" conditionals="0" coveredconditionals="0" methods="4" coveredmethods="0"/>
          <line num="12" count="1" type="stmt"/>
          <line num="13" count="0" type="stmt"/>
          <line num="22" count="0" type="stmt"/>
          <line num="26" count="0" type="stmt"/>
          <line num="30" count="0" type="stmt"/>
        </file>
      </package>
      <package name="src.helpers">
        <metrics statements="81" coveredstatements="7" conditionals="33" coveredconditionals="3" methods="23" coveredmethods="2"/>
        <file name="color.js" path="/Users/sccdesnaijer/Sites/2018/game-of-life-react/src/helpers/color.js">
          <metrics statements="5" coveredstatements="4" conditionals="2" coveredconditionals="1" methods="3" coveredmethods="1"/>
          <line num="4" count="2" type="stmt"/>
          <line num="5" count="2" type="stmt"/>
          <line num="7" count="2" type="stmt"/>
          <line num="8" count="2" type="cond" truecount="1" falsecount="1"/>
          <line num="18" count="0" type="stmt"/>
        </file>
        <file name="index.js" path="/Users/sccdesnaijer/Sites/2018/game-of-life-react/src/helpers/index.js">
          <metrics statements="76" coveredstatements="3" conditionals="31" coveredconditionals="2" methods="20" coveredmethods="1"/>
          <line num="5" count="0" type="stmt"/>
          <line num="6" count="0" type="stmt"/>
          <line num="7" count="0" type="stmt"/>
          <line num="8" count="0" type="stmt"/>
          <line num="9" count="0" type="stmt"/>
          <line num="12" count="0" type="stmt"/>
          <line num="16" count="0" type="stmt"/>
          <line num="17" count="0" type="stmt"/>
          <line num="19" count="0" type="stmt"/>
          <line num="20" count="0" type="stmt"/>
          <line num="21" count="0" type="cond" truecount="0" falsecount="4"/>
          <line num="22" count="0" type="stmt"/>
          <line num="26" count="0" type="stmt"/>
          <line num="36" count="0" type="stmt"/>
          <line num="37" count="0" type="stmt"/>
          <line num="40" count="0" type="cond" truecount="0" falsecount="4"/>
          <line num="41" count="0" type="stmt"/>
          <line num="46" count="0" type="stmt"/>
          <line num="47" count="0" type="stmt"/>
          <line num="49" count="0" type="stmt"/>
          <line num="50" count="0" type="stmt"/>
          <line num="53" count="0" type="stmt"/>
          <line num="61" count="0" type="cond" truecount="0" falsecount="2"/>
          <line num="62" count="0" type="stmt"/>
          <line num="64" count="0" type="cond" truecount="0" falsecount="2"/>
          <line num="66" count="0" type="stmt"/>
          <line num="68" count="0" type="stmt"/>
          <line num="73" count="0" type="stmt"/>
          <line num="74" count="0" type="stmt"/>
          <line num="75" count="0" type="stmt"/>
          <line num="80" count="0" type="stmt"/>
          <line num="81" count="0" type="stmt"/>
          <line num="83" count="0" type="stmt"/>
          <line num="84" count="0" type="stmt"/>
          <line num="85" count="0" type="stmt"/>
          <line num="86" count="0" type="stmt"/>
          <line num="87" count="0" type="stmt"/>
          <line num="88" count="0" type="stmt"/>
          <line num="89" count="0" type="stmt"/>
          <line num="90" count="0" type="stmt"/>
          <line num="93" count="0" type="stmt"/>
          <line num="102" count="0" type="cond" truecount="0" falsecount="2"/>
          <line num="104" count="0" type="stmt"/>
          <line num="105" count="0" type="stmt"/>
          <line num="111" count="0" type="cond" truecount="0" falsecount="2"/>
          <line num="114" count="0" type="cond" truecount="0" falsecount="4"/>
          <line num="115" count="0" type="stmt"/>
          <line num="118" count="0" type="cond" truecount="0" falsecount="4"/>
          <line num="119" count="0" type="stmt"/>
          <line num="123" count="0" type="stmt"/>
          <line num="131" count="0" type="stmt"/>
          <line num="133" count="0" type="stmt"/>
          <line num="134" count="0" type="stmt"/>
          <line num="136" count="0" type="stmt"/>
          <line num="137" count="0" type="stmt"/>
          <line num="140" count="0" type="stmt"/>
          <line num="145" count="0" type="stmt"/>
          <line num="149" count="0" type="stmt"/>
          <line num="151" count="0" type="stmt"/>
          <line num="158" count="0" type="stmt"/>
          <line num="159" count="0" type="stmt"/>
          <line num="161" count="0" type="cond" truecount="0" falsecount="4"/>
          <line num="162" count="0" type="stmt"/>
          <line num="164" count="0" type="stmt"/>
          <line num="167" count="0" type="stmt"/>
          <line num="171" count="2" type="cond" truecount="2" falsecount="0"/>
          <line num="172" count="1" type="stmt"/>
          <line num="174" count="1" type="stmt"/>
          <line num="178" count="0" type="stmt"/>
          <line num="179" count="0" type="stmt"/>
          <line num="180" count="0" type="stmt"/>
          <line num="182" count="0" type="stmt"/>
          <line num="184" count="0" type="stmt"/>
          <line num="185" count="0" type="stmt"/>
          <line num="186" count="0" type="stmt"/>
          <line num="189" count="0" type="stmt"/>
        </file>
      </package>
      <package name="src.reducers">
        <metrics statements="82" coveredstatements="22" conditionals="40" coveredconditionals="0" methods="26" coveredmethods="0"/>
        <file name="gameState.js" path="/Users/sccdesnaijer/Sites/2018/game-of-life-react/src/reducers/gameState.js">
          <metrics statements="33" coveredstatements="10" conditionals="20" coveredconditionals="0" methods="9" coveredmethods="0"/>
          <line num="13" count="1" type="stmt"/>
          <line num="25" count="1" type="stmt"/>
          <line num="26" count="1" type="stmt"/>
          <line num="27" count="1" type="stmt"/>
          <line num="28" count="1" type="stmt"/>
          <line num="29" count="1" type="stmt"/>
          <line num="30" count="1" type="stmt"/>
          <line num="31" count="1" type="stmt"/>
          <line num="32" count="0" type="stmt"/>
          <line num="33" count="1" type="stmt"/>
          <line num="35" count="1" type="cond" truecount="0" falsecount="1"/>
          <line num="36" count="0" type="cond" truecount="0" falsecount="9"/>
          <line num="38" count="0" type="stmt"/>
          <line num="39" count="0" type="cond" truecount="0" falsecount="4"/>
          <line num="40" count="0" type="stmt"/>
          <line num="42" count="0" type="cond" truecount="0" falsecount="2"/>
          <line num="43" count="0" type="stmt"/>
          <line num="51" count="0" type="stmt"/>
          <line num="57" count="0" type="stmt"/>
          <line num="58" count="0" type="stmt"/>
          <line num="65" count="0" type="cond" truecount="0" falsecount="2"/>
          <line num="67" count="0" type="stmt"/>
          <line num="73" count="0" type="stmt"/>
          <line num="74" count="0" type="stmt"/>
          <line num="82" count="0" type="stmt"/>
          <line num="83" count="0" type="cond" truecount="0" falsecount="2"/>
          <line num="84" count="0" type="stmt"/>
          <line num="91" count="0" type="stmt"/>
          <line num="101" count="0" type="stmt"/>
          <line num="102" count="0" type="stmt"/>
          <line num="111" count="0" type="stmt"/>
          <line num="112" count="0" type="stmt"/>
          <line num="118" count="0" type="stmt"/>
        </file>
        <file name="grid.js" path="/Users/sccdesnaijer/Sites/2018/game-of-life-react/src/reducers/grid.js">
          <metrics statements="49" coveredstatements="12" conditionals="20" coveredconditionals="0" methods="17" coveredmethods="0"/>
          <line num="6" count="1" type="stmt"/>
          <line num="8" count="1" type="stmt"/>
          <line num="16" count="1" type="stmt"/>
          <line num="17" count="0" type="cond" truecount="0" falsecount="2"/>
          <line num="18" count="0" type="stmt"/>
          <line num="19" count="0" type="stmt"/>
          <line num="21" count="0" type="stmt"/>
          <line num="23" count="1" type="stmt"/>
          <line num="24" count="1" type="stmt"/>
          <line num="25" count="1" type="stmt"/>
          <line num="26" count="1" type="stmt"/>
          <line num="27" count="1" type="stmt"/>
          <line num="28" count="1" type="stmt"/>
          <line num="29" count="1" type="stmt"/>
          <line num="30" count="0" type="stmt"/>
          <line num="31" count="0" type="stmt"/>
          <line num="38" count="1" type="stmt"/>
          <line num="40" count="1" type="cond" truecount="0" falsecount="1"/>
          <line num="41" count="0" type="cond" truecount="0" falsecount="11"/>
          <line num="43" count="0" type="stmt"/>
          <line num="45" count="0" type="stmt"/>
          <line num="50" count="0" type="stmt"/>
          <line num="51" count="0" type="stmt"/>
          <line num="57" count="0" type="stmt"/>
          <line num="58" count="0" type="stmt"/>
          <line num="60" count="0" type="stmt"/>
          <line num="61" count="0" type="stmt"/>
          <line num="64" count="0" type="stmt"/>
          <line num="70" count="0" type="stmt"/>
          <line num="72" count="0" type="stmt"/>
          <line num="73" count="0" type="stmt"/>
          <line num="74" count="0" type="cond" truecount="0" falsecount="4"/>
          <line num="75" count="0" type="cond" truecount="0" falsecount="2"/>
          <line num="77" count="0" type="stmt"/>
          <line num="80" count="0" type="stmt"/>
          <line num="86" count="0" type="stmt"/>
          <line num="87" count="0" type="stmt"/>
          <line num="93" count="0" type="stmt"/>
          <line num="94" count="0" type="stmt"/>
          <line num="100" count="0" type="stmt"/>
          <line num="101" count="0" type="stmt"/>
          <line num="107" count="0" type="stmt"/>
          <line num="108" count="0" type="stmt"/>
          <line num="114" count="0" type="stmt"/>
          <line num="115" count="0" type="stmt"/>
          <line num="121" count="0" type="stmt"/>
          <line num="122" count="0" type="stmt"/>
          <line num="124" count="0" type="stmt"/>
          <line num="131" count="0" type="stmt"/>
        </file>
      </package>
    </metrics>
  </project>
</coverage>
