{"/Users/sccdesnaijer/Sites/2018/game-of-life-react/src/enzyme.setup.js": {"path":"/Users/sccdesnaijer/Sites/2018/game-of-life-react/src/enzyme.setup.js","statementMap":{"0":{"start":{"line":3,"column":0},"end":{"line":5,"column":3}}},"fnMap":{},"branchMap":{},"s":{"0":5},"f":{},"b":{},"_coverageSchema":"332fd63041d2c1bcb487cc26dd0d5f7d97098a6c","hash":"8965f2f5f4e852d69d44193ed4bf8e64e7d144f2"}
,"/Users/sccdesnaijer/Sites/2018/game-of-life-react/src/actions/actions.js": {"path":"/Users/sccdesnaijer/Sites/2018/game-of-life-react/src/actions/actions.js","statementMap":{"0":{"start":{"line":3,"column":31},"end":{"line":5,"column":2}},"1":{"start":{"line":3,"column":38},"end":{"line":5,"column":1}},"2":{"start":{"line":7,"column":25},"end":{"line":13,"column":2}},"3":{"start":{"line":7,"column":36},"end":{"line":13,"column":1}},"4":{"start":{"line":15,"column":26},"end":{"line":20,"column":2}},"5":{"start":{"line":15,"column":35},"end":{"line":20,"column":1}},"6":{"start":{"line":22,"column":24},"end":{"line":24,"column":2}},"7":{"start":{"line":22,"column":31},"end":{"line":24,"column":1}},"8":{"start":{"line":26,"column":24},"end":{"line":31,"column":2}},"9":{"start":{"line":26,"column":33},"end":{"line":31,"column":1}},"10":{"start":{"line":33,"column":24},"end":{"line":38,"column":2}},"11":{"start":{"line":33,"column":33},"end":{"line":38,"column":1}},"12":{"start":{"line":40,"column":29},"end":{"line":42,"column":2}},"13":{"start":{"line":40,"column":36},"end":{"line":42,"column":1}},"14":{"start":{"line":44,"column":25},"end":{"line":46,"column":2}},"15":{"start":{"line":44,"column":32},"end":{"line":46,"column":1}},"16":{"start":{"line":48,"column":25},"end":{"line":50,"column":2}},"17":{"start":{"line":48,"column":32},"end":{"line":50,"column":1}},"18":{"start":{"line":52,"column":26},"end":{"line":59,"column":2}},"19":{"start":{"line":52,"column":49},"end":{"line":59,"column":1}},"20":{"start":{"line":61,"column":29},"end":{"line":66,"column":2}},"21":{"start":{"line":61,"column":43},"end":{"line":66,"column":1}},"22":{"start":{"line":68,"column":33},"end":{"line":73,"column":2}},"23":{"start":{"line":68,"column":51},"end":{"line":73,"column":1}},"24":{"start":{"line":75,"column":26},"end":{"line":80,"column":2}},"25":{"start":{"line":75,"column":35},"end":{"line":80,"column":1}},"26":{"start":{"line":82,"column":29},"end":{"line":87,"column":2}},"27":{"start":{"line":82,"column":41},"end":{"line":87,"column":1}},"28":{"start":{"line":89,"column":26},"end":{"line":94,"column":2}},"29":{"start":{"line":89,"column":38},"end":{"line":94,"column":1}},"30":{"start":{"line":96,"column":35},"end":{"line":98,"column":2}},"31":{"start":{"line":96,"column":42},"end":{"line":98,"column":1}},"32":{"start":{"line":100,"column":30},"end":{"line":105,"column":2}},"33":{"start":{"line":100,"column":43},"end":{"line":105,"column":1}},"34":{"start":{"line":107,"column":31},"end":{"line":112,"column":2}},"35":{"start":{"line":107,"column":45},"end":{"line":112,"column":1}},"36":{"start":{"line":114,"column":25},"end":{"line":119,"column":2}},"37":{"start":{"line":114,"column":33},"end":{"line":119,"column":1}},"38":{"start":{"line":121,"column":30},"end":{"line":127,"column":2}},"39":{"start":{"line":121,"column":46},"end":{"line":127,"column":1}},"40":{"start":{"line":129,"column":32},"end":{"line":131,"column":2}},"41":{"start":{"line":129,"column":39},"end":{"line":131,"column":1}},"42":{"start":{"line":133,"column":28},"end":{"line":138,"column":2}},"43":{"start":{"line":133,"column":38},"end":{"line":138,"column":1}},"44":{"start":{"line":140,"column":27},"end":{"line":145,"column":2}},"45":{"start":{"line":140,"column":37},"end":{"line":145,"column":1}}},"fnMap":{"0":{"name":"(anonymous_0)","decl":{"start":{"line":3,"column":31},"end":{"line":3,"column":32}},"loc":{"start":{"line":3,"column":38},"end":{"line":5,"column":1}},"line":3},"1":{"name":"(anonymous_1)","decl":{"start":{"line":7,"column":25},"end":{"line":7,"column":26}},"loc":{"start":{"line":7,"column":36},"end":{"line":13,"column":1}},"line":7},"2":{"name":"(anonymous_2)","decl":{"start":{"line":15,"column":26},"end":{"line":15,"column":27}},"loc":{"start":{"line":15,"column":35},"end":{"line":20,"column":1}},"line":15},"3":{"name":"(anonymous_3)","decl":{"start":{"line":22,"column":24},"end":{"line":22,"column":25}},"loc":{"start":{"line":22,"column":31},"end":{"line":24,"column":1}},"line":22},"4":{"name":"(anonymous_4)","decl":{"start":{"line":26,"column":24},"end":{"line":26,"column":25}},"loc":{"start":{"line":26,"column":33},"end":{"line":31,"column":1}},"line":26},"5":{"name":"(anonymous_5)","decl":{"start":{"line":33,"column":24},"end":{"line":33,"column":25}},"loc":{"start":{"line":33,"column":33},"end":{"line":38,"column":1}},"line":33},"6":{"name":"(anonymous_6)","decl":{"start":{"line":40,"column":29},"end":{"line":40,"column":30}},"loc":{"start":{"line":40,"column":36},"end":{"line":42,"column":1}},"line":40},"7":{"name":"(anonymous_7)","decl":{"start":{"line":44,"column":25},"end":{"line":44,"column":26}},"loc":{"start":{"line":44,"column":32},"end":{"line":46,"column":1}},"line":44},"8":{"name":"(anonymous_8)","decl":{"start":{"line":48,"column":25},"end":{"line":48,"column":26}},"loc":{"start":{"line":48,"column":32},"end":{"line":50,"column":1}},"line":48},"9":{"name":"(anonymous_9)","decl":{"start":{"line":52,"column":26},"end":{"line":52,"column":27}},"loc":{"start":{"line":52,"column":49},"end":{"line":59,"column":1}},"line":52},"10":{"name":"(anonymous_10)","decl":{"start":{"line":61,"column":29},"end":{"line":61,"column":30}},"loc":{"start":{"line":61,"column":43},"end":{"line":66,"column":1}},"line":61},"11":{"name":"(anonymous_11)","decl":{"start":{"line":68,"column":33},"end":{"line":68,"column":34}},"loc":{"start":{"line":68,"column":51},"end":{"line":73,"column":1}},"line":68},"12":{"name":"(anonymous_12)","decl":{"start":{"line":75,"column":26},"end":{"line":75,"column":27}},"loc":{"start":{"line":75,"column":35},"end":{"line":80,"column":1}},"line":75},"13":{"name":"(anonymous_13)","decl":{"start":{"line":82,"column":29},"end":{"line":82,"column":30}},"loc":{"start":{"line":82,"column":41},"end":{"line":87,"column":1}},"line":82},"14":{"name":"(anonymous_14)","decl":{"start":{"line":89,"column":26},"end":{"line":89,"column":27}},"loc":{"start":{"line":89,"column":38},"end":{"line":94,"column":1}},"line":89},"15":{"name":"(anonymous_15)","decl":{"start":{"line":96,"column":35},"end":{"line":96,"column":36}},"loc":{"start":{"line":96,"column":42},"end":{"line":98,"column":1}},"line":96},"16":{"name":"(anonymous_16)","decl":{"start":{"line":100,"column":30},"end":{"line":100,"column":31}},"loc":{"start":{"line":100,"column":43},"end":{"line":105,"column":1}},"line":100},"17":{"name":"(anonymous_17)","decl":{"start":{"line":107,"column":31},"end":{"line":107,"column":32}},"loc":{"start":{"line":107,"column":45},"end":{"line":112,"column":1}},"line":107},"18":{"name":"(anonymous_18)","decl":{"start":{"line":114,"column":25},"end":{"line":114,"column":26}},"loc":{"start":{"line":114,"column":33},"end":{"line":119,"column":1}},"line":114},"19":{"name":"(anonymous_19)","decl":{"start":{"line":121,"column":30},"end":{"line":121,"column":31}},"loc":{"start":{"line":121,"column":46},"end":{"line":127,"column":1}},"line":121},"20":{"name":"(anonymous_20)","decl":{"start":{"line":129,"column":32},"end":{"line":129,"column":33}},"loc":{"start":{"line":129,"column":39},"end":{"line":131,"column":1}},"line":129},"21":{"name":"(anonymous_21)","decl":{"start":{"line":133,"column":28},"end":{"line":133,"column":29}},"loc":{"start":{"line":133,"column":38},"end":{"line":138,"column":1}},"line":133},"22":{"name":"(anonymous_22)","decl":{"start":{"line":140,"column":27},"end":{"line":140,"column":28}},"loc":{"start":{"line":140,"column":37},"end":{"line":145,"column":1}},"line":140}},"branchMap":{},"s":{"0":1,"1":0,"2":1,"3":0,"4":1,"5":0,"6":1,"7":0,"8":1,"9":0,"10":1,"11":0,"12":1,"13":0,"14":1,"15":0,"16":1,"17":0,"18":1,"19":0,"20":1,"21":0,"22":1,"23":0,"24":1,"25":0,"26":1,"27":0,"28":1,"29":0,"30":1,"31":0,"32":1,"33":0,"34":1,"35":0,"36":1,"37":0,"38":1,"39":0,"40":1,"41":0,"42":1,"43":0,"44":1,"45":0},"f":{"0":0,"1":0,"2":0,"3":0,"4":0,"5":0,"6":0,"7":0,"8":0,"9":0,"10":0,"11":0,"12":0,"13":0,"14":0,"15":0,"16":0,"17":0,"18":0,"19":0,"20":0,"21":0,"22":0},"b":{},"_coverageSchema":"332fd63041d2c1bcb487cc26dd0d5f7d97098a6c","hash":"63b62606688e15bd135a9f891933005e6f4bbff7"}
,"/Users/sccdesnaijer/Sites/2018/game-of-life-react/src/components/App.jsx": {"path":"/Users/sccdesnaijer/Sites/2018/game-of-life-react/src/components/App.jsx","statementMap":{"0":{"start":{"line":10,"column":4},"end":{"line":10,"column":62}}},"fnMap":{"0":{"name":"(anonymous_0)","decl":{"start":{"line":9,"column":2},"end":{"line":9,"column":3}},"loc":{"start":{"line":9,"column":11},"end":{"line":11,"column":3}},"line":9}},"branchMap":{},"s":{"0":1},"f":{"0":1},"b":{},"_coverageSchema":"332fd63041d2c1bcb487cc26dd0d5f7d97098a6c","hash":"7a1d2453717f981459b107893c3b3227f9a2705a"}
,"/Users/sccdesnaijer/Sites/2018/game-of-life-react/src/components/Button.jsx": {"path":"/Users/sccdesnaijer/Sites/2018/game-of-life-react/src/components/Button.jsx","statementMap":{"0":{"start":{"line":12,"column":15},"end":{"line":20,"column":1}},"1":{"start":{"line":13,"column":2},"end":{"line":19,"column":8}},"2":{"start":{"line":22,"column":0},"end":{"line":24,"column":2}}},"fnMap":{"0":{"name":"(anonymous_0)","decl":{"start":{"line":12,"column":15},"end":{"line":12,"column":16}},"loc":{"start":{"line":13,"column":2},"end":{"line":19,"column":8}},"line":13}},"branchMap":{"0":{"loc":{"start":{"line":14,"column":15},"end":{"line":14,"column":76}},"type":"cond-expr","locations":[{"start":{"line":14,"column":24},"end":{"line":14,"column":52}},{"start":{"line":14,"column":55},"end":{"line":14,"column":76}}],"line":14},"1":{"loc":{"start":{"line":17,"column":7},"end":{"line":17,"column":62}},"type":"cond-expr","locations":[{"start":{"line":17,"column":14},"end":{"line":17,"column":54}},{"start":{"line":17,"column":57},"end":{"line":17,"column":62}}],"line":17}},"s":{"0":2,"1":2,"2":2},"f":{"0":2},"b":{"0":[1,1],"1":[1,1]},"_coverageSchema":"332fd63041d2c1bcb487cc26dd0d5f7d97098a6c","hash":"4aee0826d7d487e715da1a4281852bb8e2621869"}
,"/Users/sccdesnaijer/Sites/2018/game-of-life-react/src/components/Canvas.jsx": {"path":"/Users/sccdesnaijer/Sites/2018/game-of-life-react/src/components/Canvas.jsx","statementMap":{"0":{"start":{"line":23,"column":4},"end":{"line":23,"column":25}},"1":{"start":{"line":24,"column":4},"end":{"line":26,"column":5}},"2":{"start":{"line":25,"column":6},"end":{"line":25,"column":24}},"3":{"start":{"line":32,"column":4},"end":{"line":32,"column":76}},"4":{"start":{"line":36,"column":17},"end":{"line":36,"column":32}},"5":{"start":{"line":37,"column":20},"end":{"line":37,"column":28}},"6":{"start":{"line":38,"column":21},"end":{"line":38,"column":40}},"7":{"start":{"line":40,"column":4},"end":{"line":40,"column":21}},"8":{"start":{"line":42,"column":16},"end":{"line":42,"column":46}},"9":{"start":{"line":44,"column":4},"end":{"line":69,"column":5}},"10":{"start":{"line":45,"column":6},"end":{"line":68,"column":7}},"11":{"start":{"line":46,"column":21},"end":{"line":46,"column":31}},"12":{"start":{"line":47,"column":22},"end":{"line":47,"column":30}},"13":{"start":{"line":48,"column":18},"end":{"line":48,"column":30}},"14":{"start":{"line":49,"column":18},"end":{"line":49,"column":30}},"15":{"start":{"line":52,"column":25},"end":{"line":52,"column":29}},"16":{"start":{"line":53,"column":26},"end":{"line":53,"column":27}},"17":{"start":{"line":54,"column":26},"end":{"line":56,"column":18}},"18":{"start":{"line":57,"column":28},"end":{"line":57,"column":50}},"19":{"start":{"line":60,"column":8},"end":{"line":67,"column":9}},"20":{"start":{"line":61,"column":10},"end":{"line":61,"column":44}},"21":{"start":{"line":62,"column":10},"end":{"line":62,"column":40}},"22":{"start":{"line":63,"column":10},"end":{"line":63,"column":55}},"23":{"start":{"line":65,"column":10},"end":{"line":65,"column":40}},"24":{"start":{"line":66,"column":10},"end":{"line":66,"column":53}},"25":{"start":{"line":73,"column":19},"end":{"line":73,"column":63}},"26":{"start":{"line":74,"column":18},"end":{"line":74,"column":65}},"27":{"start":{"line":76,"column":4},"end":{"line":76,"column":44}},"28":{"start":{"line":77,"column":4},"end":{"line":77,"column":34}},"29":{"start":{"line":78,"column":4},"end":{"line":78,"column":36}},"30":{"start":{"line":79,"column":4},"end":{"line":79,"column":20}},"31":{"start":{"line":83,"column":4},"end":{"line":83,"column":20}},"32":{"start":{"line":87,"column":19},"end":{"line":87,"column":63}},"33":{"start":{"line":88,"column":18},"end":{"line":88,"column":65}},"34":{"start":{"line":89,"column":4},"end":{"line":91,"column":6}}},"fnMap":{"0":{"name":"(anonymous_0)","decl":{"start":{"line":22,"column":16},"end":{"line":22,"column":17}},"loc":{"start":{"line":22,"column":26},"end":{"line":27,"column":3}},"line":22},"1":{"name":"(anonymous_1)","decl":{"start":{"line":29,"column":2},"end":{"line":29,"column":3}},"loc":{"start":{"line":29,"column":22},"end":{"line":29,"column":24}},"line":29},"2":{"name":"(anonymous_2)","decl":{"start":{"line":31,"column":2},"end":{"line":31,"column":3}},"loc":{"start":{"line":31,"column":14},"end":{"line":33,"column":3}},"line":31},"3":{"name":"(anonymous_3)","decl":{"start":{"line":35,"column":2},"end":{"line":35,"column":3}},"loc":{"start":{"line":35,"column":13},"end":{"line":70,"column":3}},"line":35},"4":{"name":"(anonymous_4)","decl":{"start":{"line":72,"column":15},"end":{"line":72,"column":16}},"loc":{"start":{"line":72,"column":21},"end":{"line":80,"column":3}},"line":72},"5":{"name":"(anonymous_5)","decl":{"start":{"line":82,"column":13},"end":{"line":82,"column":14}},"loc":{"start":{"line":82,"column":19},"end":{"line":84,"column":3}},"line":82},"6":{"name":"(anonymous_6)","decl":{"start":{"line":86,"column":2},"end":{"line":86,"column":3}},"loc":{"start":{"line":86,"column":11},"end":{"line":92,"column":3}},"line":86}},"branchMap":{"0":{"loc":{"start":{"line":24,"column":4},"end":{"line":26,"column":5}},"type":"if","locations":[{"start":{"line":24,"column":4},"end":{"line":26,"column":5}},{"start":{"line":24,"column":4},"end":{"line":26,"column":5}}],"line":24},"1":{"loc":{"start":{"line":54,"column":26},"end":{"line":56,"column":18}},"type":"cond-expr","locations":[{"start":{"line":55,"column":12},"end":{"line":55,"column":59}},{"start":{"line":56,"column":12},"end":{"line":56,"column":18}}],"line":54},"2":{"loc":{"start":{"line":57,"column":28},"end":{"line":57,"column":50}},"type":"cond-expr","locations":[{"start":{"line":57,"column":36},"end":{"line":57,"column":42}},{"start":{"line":57,"column":45},"end":{"line":57,"column":50}}],"line":57},"3":{"loc":{"start":{"line":60,"column":8},"end":{"line":67,"column":9}},"type":"if","locations":[{"start":{"line":60,"column":8},"end":{"line":67,"column":9}},{"start":{"line":60,"column":8},"end":{"line":67,"column":9}}],"line":60},"4":{"loc":{"start":{"line":60,"column":12},"end":{"line":60,"column":40}},"type":"binary-expr","locations":[{"start":{"line":60,"column":12},"end":{"line":60,"column":31}},{"start":{"line":60,"column":35},"end":{"line":60,"column":40}}],"line":60}},"s":{"0":2,"1":2,"2":1,"3":2,"4":2,"5":2,"6":2,"7":2,"8":2,"9":2,"10":6,"11":18,"12":18,"13":18,"14":18,"15":18,"16":18,"17":18,"18":18,"19":18,"20":18,"21":18,"22":18,"23":18,"24":18,"25":1,"26":1,"27":1,"28":1,"29":1,"30":1,"31":1,"32":1,"33":1,"34":1},"f":{"0":2,"1":1,"2":2,"3":2,"4":1,"5":1,"6":1},"b":{"0":[1,1],"1":[10,8],"2":[10,8],"3":[18,0],"4":[18,0]},"_coverageSchema":"332fd63041d2c1bcb487cc26dd0d5f7d97098a6c","hash":"270f925bcbd2734e80cb1f41a8089f66264c0343"}
,"/Users/sccdesnaijer/Sites/2018/game-of-life-react/src/components/Input.jsx": {"path":"/Users/sccdesnaijer/Sites/2018/game-of-life-react/src/components/Input.jsx","statementMap":{"0":{"start":{"line":21,"column":4},"end":{"line":21,"column":17}},"1":{"start":{"line":22,"column":4},"end":{"line":24,"column":6}},"2":{"start":{"line":28,"column":4},"end":{"line":28,"column":44}},"3":{"start":{"line":30,"column":22},"end":{"line":30,"column":41}},"4":{"start":{"line":31,"column":25},"end":{"line":31,"column":35}},"5":{"start":{"line":33,"column":4},"end":{"line":35,"column":7}},"6":{"start":{"line":37,"column":4},"end":{"line":41,"column":5}},"7":{"start":{"line":38,"column":6},"end":{"line":40,"column":7}},"8":{"start":{"line":39,"column":8},"end":{"line":39,"column":15}},"9":{"start":{"line":43,"column":4},"end":{"line":45,"column":5}},"10":{"start":{"line":44,"column":6},"end":{"line":44,"column":33}},"11":{"start":{"line":49,"column":22},"end":{"line":49,"column":65}},"12":{"start":{"line":50,"column":4},"end":{"line":60,"column":6}}},"fnMap":{"0":{"name":"(anonymous_0)","decl":{"start":{"line":20,"column":2},"end":{"line":20,"column":3}},"loc":{"start":{"line":20,"column":28},"end":{"line":25,"column":3}},"line":20},"1":{"name":"(anonymous_1)","decl":{"start":{"line":27,"column":13},"end":{"line":27,"column":14}},"loc":{"start":{"line":27,"column":58},"end":{"line":46,"column":3}},"line":27},"2":{"name":"(anonymous_2)","decl":{"start":{"line":48,"column":2},"end":{"line":48,"column":3}},"loc":{"start":{"line":48,"column":11},"end":{"line":61,"column":3}},"line":48}},"branchMap":{"0":{"loc":{"start":{"line":37,"column":4},"end":{"line":41,"column":5}},"type":"if","locations":[{"start":{"line":37,"column":4},"end":{"line":41,"column":5}},{"start":{"line":37,"column":4},"end":{"line":41,"column":5}}],"line":37},"1":{"loc":{"start":{"line":37,"column":8},"end":{"line":37,"column":38}},"type":"binary-expr","locations":[{"start":{"line":37,"column":8},"end":{"line":37,"column":16}},{"start":{"line":37,"column":20},"end":{"line":37,"column":38}}],"line":37},"2":{"loc":{"start":{"line":38,"column":6},"end":{"line":40,"column":7}},"type":"if","locations":[{"start":{"line":38,"column":6},"end":{"line":40,"column":7}},{"start":{"line":38,"column":6},"end":{"line":40,"column":7}}],"line":38},"3":{"loc":{"start":{"line":43,"column":4},"end":{"line":45,"column":5}},"type":"if","locations":[{"start":{"line":43,"column":4},"end":{"line":45,"column":5}},{"start":{"line":43,"column":4},"end":{"line":45,"column":5}}],"line":43}},"s":{"0":0,"1":0,"2":0,"3":0,"4":0,"5":0,"6":0,"7":0,"8":0,"9":0,"10":0,"11":0,"12":0},"f":{"0":0,"1":0,"2":0},"b":{"0":[0,0],"1":[0,0],"2":[0,0],"3":[0,0]},"_coverageSchema":"332fd63041d2c1bcb487cc26dd0d5f7d97098a6c","hash":"6be28e24ce6d744dac67b29ea203180135e3f076"}
,"/Users/sccdesnaijer/Sites/2018/game-of-life-react/src/components/InputNumber.jsx": {"path":"/Users/sccdesnaijer/Sites/2018/game-of-life-react/src/components/InputNumber.jsx","statementMap":{"0":{"start":{"line":25,"column":4},"end":{"line":25,"column":17}},"1":{"start":{"line":27,"column":4},"end":{"line":29,"column":6}},"2":{"start":{"line":33,"column":4},"end":{"line":33,"column":44}},"3":{"start":{"line":35,"column":22},"end":{"line":35,"column":41}},"4":{"start":{"line":36,"column":25},"end":{"line":36,"column":35}},"5":{"start":{"line":37,"column":24},"end":{"line":37,"column":43}},"6":{"start":{"line":38,"column":4},"end":{"line":38,"column":55}},"7":{"start":{"line":38,"column":48},"end":{"line":38,"column":55}},"8":{"start":{"line":40,"column":4},"end":{"line":42,"column":7}},"9":{"start":{"line":44,"column":4},"end":{"line":46,"column":5}},"10":{"start":{"line":45,"column":6},"end":{"line":45,"column":39}},"11":{"start":{"line":50,"column":4},"end":{"line":67,"column":6}}},"fnMap":{"0":{"name":"(anonymous_0)","decl":{"start":{"line":24,"column":2},"end":{"line":24,"column":3}},"loc":{"start":{"line":24,"column":28},"end":{"line":30,"column":3}},"line":24},"1":{"name":"(anonymous_1)","decl":{"start":{"line":32,"column":13},"end":{"line":32,"column":14}},"loc":{"start":{"line":32,"column":58},"end":{"line":47,"column":3}},"line":32},"2":{"name":"(anonymous_2)","decl":{"start":{"line":49,"column":2},"end":{"line":49,"column":3}},"loc":{"start":{"line":49,"column":11},"end":{"line":68,"column":3}},"line":49}},"branchMap":{"0":{"loc":{"start":{"line":38,"column":4},"end":{"line":38,"column":55}},"type":"if","locations":[{"start":{"line":38,"column":4},"end":{"line":38,"column":55}},{"start":{"line":38,"column":4},"end":{"line":38,"column":55}}],"line":38},"1":{"loc":{"start":{"line":38,"column":8},"end":{"line":38,"column":46}},"type":"binary-expr","locations":[{"start":{"line":38,"column":8},"end":{"line":38,"column":25}},{"start":{"line":38,"column":29},"end":{"line":38,"column":46}}],"line":38},"2":{"loc":{"start":{"line":44,"column":4},"end":{"line":46,"column":5}},"type":"if","locations":[{"start":{"line":44,"column":4},"end":{"line":46,"column":5}},{"start":{"line":44,"column":4},"end":{"line":46,"column":5}}],"line":44}},"s":{"0":0,"1":0,"2":0,"3":0,"4":0,"5":0,"6":0,"7":0,"8":0,"9":0,"10":0,"11":0},"f":{"0":0,"1":0,"2":0},"b":{"0":[0,0],"1":[0,0],"2":[0,0]},"_coverageSchema":"332fd63041d2c1bcb487cc26dd0d5f7d97098a6c","hash":"bbb232cce0d4376586ab536a0ef3cc9d6a081a14"}
,"/Users/sccdesnaijer/Sites/2018/game-of-life-react/src/components/ToggleButton.jsx": {"path":"/Users/sccdesnaijer/Sites/2018/game-of-life-react/src/components/ToggleButton.jsx","statementMap":{"0":{"start":{"line":12,"column":21},"end":{"line":29,"column":1}},"1":{"start":{"line":19,"column":19},"end":{"line":21,"column":3}},"2":{"start":{"line":20,"column":4},"end":{"line":20,"column":23}},"3":{"start":{"line":22,"column":2},"end":{"line":28,"column":4}}},"fnMap":{"0":{"name":"(anonymous_0)","decl":{"start":{"line":12,"column":21},"end":{"line":12,"column":22}},"loc":{"start":{"line":18,"column":13},"end":{"line":29,"column":1}},"line":18},"1":{"name":"(anonymous_1)","decl":{"start":{"line":19,"column":19},"end":{"line":19,"column":20}},"loc":{"start":{"line":19,"column":25},"end":{"line":21,"column":3}},"line":19}},"branchMap":{"0":{"loc":{"start":{"line":25,"column":39},"end":{"line":25,"column":75}},"type":"cond-expr","locations":[{"start":{"line":25,"column":50},"end":{"line":25,"column":60}},{"start":{"line":25,"column":63},"end":{"line":25,"column":75}}],"line":25}},"s":{"0":2,"1":2,"2":1,"3":2},"f":{"0":2,"1":1},"b":{"0":[1,1]},"_coverageSchema":"332fd63041d2c1bcb487cc26dd0d5f7d97098a6c","hash":"0dc4ea2f35dff524c7902878e77ca3950318ec5a"}
,"/Users/sccdesnaijer/Sites/2018/game-of-life-react/src/components/ToggleGroup.jsx": {"path":"/Users/sccdesnaijer/Sites/2018/game-of-life-react/src/components/ToggleGroup.jsx","statementMap":{"0":{"start":{"line":7,"column":4},"end":{"line":7,"column":12}},"1":{"start":{"line":8,"column":4},"end":{"line":10,"column":6}},"2":{"start":{"line":14,"column":4},"end":{"line":16,"column":7}},"3":{"start":{"line":20,"column":21},"end":{"line":20,"column":31}},"4":{"start":{"line":21,"column":17},"end":{"line":21,"column":59}},"5":{"start":{"line":23,"column":4},"end":{"line":37,"column":6}}},"fnMap":{"0":{"name":"(anonymous_0)","decl":{"start":{"line":6,"column":2},"end":{"line":6,"column":3}},"loc":{"start":{"line":6,"column":21},"end":{"line":11,"column":3}},"line":6},"1":{"name":"(anonymous_1)","decl":{"start":{"line":13,"column":12},"end":{"line":13,"column":13}},"loc":{"start":{"line":13,"column":18},"end":{"line":17,"column":3}},"line":13},"2":{"name":"(anonymous_2)","decl":{"start":{"line":19,"column":2},"end":{"line":19,"column":3}},"loc":{"start":{"line":19,"column":11},"end":{"line":38,"column":3}},"line":19}},"branchMap":{"0":{"loc":{"start":{"line":21,"column":17},"end":{"line":21,"column":59}},"type":"cond-expr","locations":[{"start":{"line":21,"column":24},"end":{"line":21,"column":41}},{"start":{"line":21,"column":44},"end":{"line":21,"column":59}}],"line":21}},"s":{"0":2,"1":2,"2":1,"3":3,"4":3,"5":3},"f":{"0":2,"1":1,"2":3},"b":{"0":[2,1]},"_coverageSchema":"332fd63041d2c1bcb487cc26dd0d5f7d97098a6c","hash":"00c623f807e4c6272566a9e2cfe7f143c51a07d3"}
,"/Users/sccdesnaijer/Sites/2018/game-of-life-react/src/constants/actions.js": {"path":"/Users/sccdesnaijer/Sites/2018/game-of-life-react/src/constants/actions.js","statementMap":{},"fnMap":{},"branchMap":{},"s":{},"f":{},"b":{},"_coverageSchema":"332fd63041d2c1bcb487cc26dd0d5f7d97098a6c","hash":"c82ac4f754b2e52f1efb38c10fb1cfed14ae437c"}
,"/Users/sccdesnaijer/Sites/2018/game-of-life-react/src/constants/fixture.js": {"path":"/Users/sccdesnaijer/Sites/2018/game-of-life-react/src/constants/fixture.js","statementMap":{},"fnMap":{},"branchMap":{},"s":{},"f":{},"b":{},"_coverageSchema":"332fd63041d2c1bcb487cc26dd0d5f7d97098a6c","hash":"c86de9e02b1e629891bda5b552d28c191bcc022e"}
,"/Users/sccdesnaijer/Sites/2018/game-of-life-react/src/constants/keys.js": {"path":"/Users/sccdesnaijer/Sites/2018/game-of-life-react/src/constants/keys.js","statementMap":{},"fnMap":{},"branchMap":{},"s":{},"f":{},"b":{},"_coverageSchema":"332fd63041d2c1bcb487cc26dd0d5f7d97098a6c","hash":"76a03bec3e4159cfe2e8c00625af43806067dbe6"}
,"/Users/sccdesnaijer/Sites/2018/game-of-life-react/src/constants/presets.js": {"path":"/Users/sccdesnaijer/Sites/2018/game-of-life-react/src/constants/presets.js","statementMap":{},"fnMap":{},"branchMap":{},"s":{},"f":{},"b":{},"_coverageSchema":"332fd63041d2c1bcb487cc26dd0d5f7d97098a6c","hash":"da9c6f9017bab63de04862a795a0837decc57236"}
,"/Users/sccdesnaijer/Sites/2018/game-of-life-react/src/containers/Canvas.jsx": {"path":"/Users/sccdesnaijer/Sites/2018/game-of-life-react/src/containers/Canvas.jsx","statementMap":{"0":{"start":{"line":30,"column":16},"end":{"line":50,"column":1}},"1":{"start":{"line":31,"column":12},"end":{"line":40,"column":3}},"2":{"start":{"line":64,"column":4},"end":{"line":64,"column":12}},"3":{"start":{"line":65,"column":4},"end":{"line":78,"column":6}},"4":{"start":{"line":81,"column":27},"end":{"line":81,"column":47}},"5":{"start":{"line":84,"column":4},"end":{"line":84,"column":22}},"6":{"start":{"line":86,"column":4},"end":{"line":86,"column":64}},"7":{"start":{"line":87,"column":4},"end":{"line":87,"column":60}},"8":{"start":{"line":88,"column":4},"end":{"line":88,"column":64}},"9":{"start":{"line":89,"column":4},"end":{"line":89,"column":67}},"10":{"start":{"line":90,"column":4},"end":{"line":90,"column":53}},"11":{"start":{"line":91,"column":4},"end":{"line":91,"column":55}},"12":{"start":{"line":95,"column":4},"end":{"line":95,"column":67}},"13":{"start":{"line":96,"column":4},"end":{"line":96,"column":63}},"14":{"start":{"line":97,"column":4},"end":{"line":97,"column":67}},"15":{"start":{"line":98,"column":4},"end":{"line":98,"column":67}},"16":{"start":{"line":99,"column":4},"end":{"line":99,"column":56}},"17":{"start":{"line":100,"column":4},"end":{"line":100,"column":58}},"18":{"start":{"line":104,"column":21},"end":{"line":104,"column":35}},"19":{"start":{"line":105,"column":24},"end":{"line":105,"column":39}},"20":{"start":{"line":108,"column":4},"end":{"line":113,"column":5}},"21":{"start":{"line":109,"column":6},"end":{"line":112,"column":9}},"22":{"start":{"line":115,"column":4},"end":{"line":119,"column":5}},"23":{"start":{"line":116,"column":6},"end":{"line":118,"column":9}},"24":{"start":{"line":121,"column":4},"end":{"line":125,"column":5}},"25":{"start":{"line":122,"column":6},"end":{"line":124,"column":9}},"26":{"start":{"line":127,"column":4},"end":{"line":170,"column":5}},"27":{"start":{"line":128,"column":6},"end":{"line":169,"column":7}},"28":{"start":{"line":129,"column":31},"end":{"line":129,"column":41}},"29":{"start":{"line":132,"column":29},"end":{"line":158,"column":9}},"30":{"start":{"line":133,"column":10},"end":{"line":157,"column":12}},"31":{"start":{"line":134,"column":36},"end":{"line":134,"column":39}},"32":{"start":{"line":137,"column":12},"end":{"line":138,"column":37}},"33":{"start":{"line":138,"column":14},"end":{"line":138,"column":37}},"34":{"start":{"line":140,"column":33},"end":{"line":140,"column":60}},"35":{"start":{"line":142,"column":12},"end":{"line":155,"column":13}},"36":{"start":{"line":143,"column":14},"end":{"line":145,"column":15}},"37":{"start":{"line":144,"column":16},"end":{"line":144,"column":37}},"38":{"start":{"line":146,"column":32},"end":{"line":146,"column":64}},"39":{"start":{"line":148,"column":31},"end":{"line":148,"column":44}},"40":{"start":{"line":150,"column":14},"end":{"line":152,"column":15}},"41":{"start":{"line":151,"column":16},"end":{"line":151,"column":44}},"42":{"start":{"line":154,"column":14},"end":{"line":154,"column":23}},"43":{"start":{"line":156,"column":12},"end":{"line":156,"column":23}},"44":{"start":{"line":161,"column":8},"end":{"line":163,"column":11}},"45":{"start":{"line":166,"column":8},"end":{"line":168,"column":11}},"46":{"start":{"line":174,"column":4},"end":{"line":180,"column":5}},"47":{"start":{"line":179,"column":6},"end":{"line":179,"column":22}},"48":{"start":{"line":184,"column":4},"end":{"line":217,"column":5}},"49":{"start":{"line":188,"column":27},"end":{"line":188,"column":48}},"50":{"start":{"line":189,"column":23},"end":{"line":189,"column":33}},"51":{"start":{"line":192,"column":6},"end":{"line":216,"column":7}},"52":{"start":{"line":197,"column":8},"end":{"line":202,"column":11}},"53":{"start":{"line":203,"column":8},"end":{"line":205,"column":9}},"54":{"start":{"line":204,"column":10},"end":{"line":204,"column":65}},"55":{"start":{"line":206,"column":13},"end":{"line":216,"column":7}},"56":{"start":{"line":209,"column":27},"end":{"line":214,"column":9}},"57":{"start":{"line":215,"column":8},"end":{"line":215,"column":36}},"58":{"start":{"line":221,"column":18},"end":{"line":221,"column":63}},"59":{"start":{"line":221,"column":49},"end":{"line":221,"column":61}},"60":{"start":{"line":223,"column":4},"end":{"line":225,"column":7}},"61":{"start":{"line":224,"column":6},"end":{"line":224,"column":48}},"62":{"start":{"line":227,"column":4},"end":{"line":230,"column":7}},"63":{"start":{"line":234,"column":18},"end":{"line":234,"column":58}},"64":{"start":{"line":234,"column":45},"end":{"line":234,"column":57}},"65":{"start":{"line":237,"column":4},"end":{"line":241,"column":7}},"66":{"start":{"line":238,"column":6},"end":{"line":240,"column":7}},"67":{"start":{"line":239,"column":8},"end":{"line":239,"column":50}},"68":{"start":{"line":244,"column":24},"end":{"line":244,"column":26}},"69":{"start":{"line":245,"column":4},"end":{"line":253,"column":5}},"70":{"start":{"line":246,"column":22},"end":{"line":246,"column":33}},"71":{"start":{"line":247,"column":23},"end":{"line":247,"column":54}},"72":{"start":{"line":248,"column":6},"end":{"line":251,"column":9}},"73":{"start":{"line":252,"column":6},"end":{"line":252,"column":54}},"74":{"start":{"line":255,"column":4},"end":{"line":258,"column":7}},"75":{"start":{"line":262,"column":4},"end":{"line":262,"column":76}},"76":{"start":{"line":266,"column":17},"end":{"line":266,"column":32}},"77":{"start":{"line":267,"column":20},"end":{"line":267,"column":28}},"78":{"start":{"line":268,"column":21},"end":{"line":268,"column":40}},"79":{"start":{"line":270,"column":4},"end":{"line":270,"column":21}},"80":{"start":{"line":272,"column":16},"end":{"line":272,"column":46}},"81":{"start":{"line":274,"column":4},"end":{"line":294,"column":5}},"82":{"start":{"line":275,"column":6},"end":{"line":293,"column":7}},"83":{"start":{"line":276,"column":21},"end":{"line":276,"column":31}},"84":{"start":{"line":277,"column":22},"end":{"line":277,"column":30}},"85":{"start":{"line":278,"column":18},"end":{"line":278,"column":30}},"86":{"start":{"line":279,"column":18},"end":{"line":279,"column":30}},"87":{"start":{"line":282,"column":25},"end":{"line":282,"column":29}},"88":{"start":{"line":284,"column":8},"end":{"line":292,"column":9}},"89":{"start":{"line":286,"column":10},"end":{"line":286,"column":39}},"90":{"start":{"line":287,"column":10},"end":{"line":287,"column":32}},"91":{"start":{"line":288,"column":10},"end":{"line":288,"column":55}},"92":{"start":{"line":290,"column":10},"end":{"line":290,"column":78}},"93":{"start":{"line":291,"column":10},"end":{"line":291,"column":53}},"94":{"start":{"line":298,"column":4},"end":{"line":298,"column":44}},"95":{"start":{"line":299,"column":4},"end":{"line":299,"column":46}},"96":{"start":{"line":300,"column":4},"end":{"line":300,"column":48}},"97":{"start":{"line":304,"column":4},"end":{"line":304,"column":46}},"98":{"start":{"line":305,"column":4},"end":{"line":305,"column":48}},"99":{"start":{"line":306,"column":4},"end":{"line":306,"column":35}},"100":{"start":{"line":310,"column":31},"end":{"line":310,"column":34}},"101":{"start":{"line":311,"column":25},"end":{"line":317,"column":5}},"102":{"start":{"line":318,"column":4},"end":{"line":321,"column":6}},"103":{"start":{"line":325,"column":20},"end":{"line":328,"column":5}},"104":{"start":{"line":330,"column":25},"end":{"line":330,"column":47}},"105":{"start":{"line":332,"column":4},"end":{"line":361,"column":5}},"106":{"start":{"line":333,"column":6},"end":{"line":339,"column":8}},"107":{"start":{"line":341,"column":6},"end":{"line":343,"column":7}},"108":{"start":{"line":342,"column":8},"end":{"line":342,"column":55}},"109":{"start":{"line":345,"column":6},"end":{"line":360,"column":7}},"110":{"start":{"line":347,"column":29},"end":{"line":347,"column":54}},"111":{"start":{"line":349,"column":8},"end":{"line":359,"column":9}},"112":{"start":{"line":351,"column":24},"end":{"line":351,"column":54}},"113":{"start":{"line":353,"column":10},"end":{"line":353,"column":50}},"114":{"start":{"line":355,"column":10},"end":{"line":358,"column":12}},"115":{"start":{"line":363,"column":4},"end":{"line":363,"column":29}},"116":{"start":{"line":367,"column":4},"end":{"line":370,"column":7}},"117":{"start":{"line":375,"column":25},"end":{"line":375,"column":47}},"118":{"start":{"line":376,"column":4},"end":{"line":389,"column":5}},"119":{"start":{"line":377,"column":6},"end":{"line":388,"column":7}},"120":{"start":{"line":381,"column":8},"end":{"line":387,"column":11}},"121":{"start":{"line":395,"column":4},"end":{"line":397,"column":5}},"122":{"start":{"line":396,"column":6},"end":{"line":396,"column":33}},"123":{"start":{"line":399,"column":4},"end":{"line":401,"column":5}},"124":{"start":{"line":400,"column":6},"end":{"line":400,"column":43}},"125":{"start":{"line":405,"column":4},"end":{"line":405,"column":62}}},"fnMap":{"0":{"name":"(anonymous_0)","decl":{"start":{"line":31,"column":2},"end":{"line":31,"column":3}},"loc":{"start":{"line":31,"column":12},"end":{"line":40,"column":3}},"line":31},"1":{"name":"(anonymous_1)","decl":{"start":{"line":63,"column":2},"end":{"line":63,"column":3}},"loc":{"start":{"line":63,"column":21},"end":{"line":79,"column":3}},"line":63},"2":{"name":"(anonymous_2)","decl":{"start":{"line":81,"column":16},"end":{"line":81,"column":17}},"loc":{"start":{"line":81,"column":27},"end":{"line":81,"column":47}},"line":81},"3":{"name":"(anonymous_3)","decl":{"start":{"line":83,"column":2},"end":{"line":83,"column":3}},"loc":{"start":{"line":83,"column":22},"end":{"line":92,"column":3}},"line":83},"4":{"name":"(anonymous_4)","decl":{"start":{"line":94,"column":2},"end":{"line":94,"column":3}},"loc":{"start":{"line":94,"column":25},"end":{"line":101,"column":3}},"line":94},"5":{"name":"(anonymous_5)","decl":{"start":{"line":103,"column":2},"end":{"line":103,"column":3}},"loc":{"start":{"line":103,"column":39},"end":{"line":171,"column":3}},"line":103},"6":{"name":"(anonymous_6)","decl":{"start":{"line":132,"column":42},"end":{"line":132,"column":43}},"loc":{"start":{"line":133,"column":10},"end":{"line":157,"column":12}},"line":133},"7":{"name":"(anonymous_7)","decl":{"start":{"line":133,"column":18},"end":{"line":133,"column":19}},"loc":{"start":{"line":133,"column":33},"end":{"line":157,"column":11}},"line":133},"8":{"name":"(anonymous_8)","decl":{"start":{"line":173,"column":2},"end":{"line":173,"column":3}},"loc":{"start":{"line":173,"column":43},"end":{"line":181,"column":3}},"line":173},"9":{"name":"(anonymous_9)","decl":{"start":{"line":183,"column":2},"end":{"line":183,"column":3}},"loc":{"start":{"line":183,"column":44},"end":{"line":218,"column":3}},"line":183},"10":{"name":"(anonymous_10)","decl":{"start":{"line":220,"column":20},"end":{"line":220,"column":21}},"loc":{"start":{"line":220,"column":26},"end":{"line":231,"column":3}},"line":220},"11":{"name":"(anonymous_11)","decl":{"start":{"line":221,"column":42},"end":{"line":221,"column":43}},"loc":{"start":{"line":221,"column":49},"end":{"line":221,"column":61}},"line":221},"12":{"name":"(anonymous_12)","decl":{"start":{"line":223,"column":30},"end":{"line":223,"column":31}},"loc":{"start":{"line":223,"column":38},"end":{"line":225,"column":5}},"line":223},"13":{"name":"(anonymous_13)","decl":{"start":{"line":233,"column":15},"end":{"line":233,"column":16}},"loc":{"start":{"line":233,"column":27},"end":{"line":259,"column":3}},"line":233},"14":{"name":"(anonymous_14)","decl":{"start":{"line":234,"column":38},"end":{"line":234,"column":39}},"loc":{"start":{"line":234,"column":45},"end":{"line":234,"column":57}},"line":234},"15":{"name":"(anonymous_15)","decl":{"start":{"line":237,"column":30},"end":{"line":237,"column":31}},"loc":{"start":{"line":237,"column":38},"end":{"line":241,"column":5}},"line":237},"16":{"name":"(anonymous_16)","decl":{"start":{"line":261,"column":2},"end":{"line":261,"column":3}},"loc":{"start":{"line":261,"column":14},"end":{"line":263,"column":3}},"line":261},"17":{"name":"(anonymous_17)","decl":{"start":{"line":265,"column":2},"end":{"line":265,"column":3}},"loc":{"start":{"line":265,"column":13},"end":{"line":295,"column":3}},"line":265},"18":{"name":"(anonymous_18)","decl":{"start":{"line":297,"column":15},"end":{"line":297,"column":16}},"loc":{"start":{"line":297,"column":21},"end":{"line":301,"column":3}},"line":297},"19":{"name":"(anonymous_19)","decl":{"start":{"line":303,"column":13},"end":{"line":303,"column":14}},"loc":{"start":{"line":303,"column":19},"end":{"line":307,"column":3}},"line":303},"20":{"name":"(anonymous_20)","decl":{"start":{"line":309,"column":17},"end":{"line":309,"column":18}},"loc":{"start":{"line":309,"column":24},"end":{"line":322,"column":3}},"line":309},"21":{"name":"(anonymous_21)","decl":{"start":{"line":324,"column":16},"end":{"line":324,"column":17}},"loc":{"start":{"line":324,"column":23},"end":{"line":364,"column":3}},"line":324},"22":{"name":"(anonymous_22)","decl":{"start":{"line":366,"column":14},"end":{"line":366,"column":15}},"loc":{"start":{"line":366,"column":21},"end":{"line":371,"column":3}},"line":366},"23":{"name":"(anonymous_23)","decl":{"start":{"line":373,"column":16},"end":{"line":373,"column":17}},"loc":{"start":{"line":373,"column":23},"end":{"line":391,"column":3}},"line":373},"24":{"name":"(anonymous_24)","decl":{"start":{"line":393,"column":14},"end":{"line":393,"column":15}},"loc":{"start":{"line":393,"column":21},"end":{"line":402,"column":3}},"line":393},"25":{"name":"(anonymous_25)","decl":{"start":{"line":404,"column":2},"end":{"line":404,"column":3}},"loc":{"start":{"line":404,"column":11},"end":{"line":406,"column":3}},"line":404}},"branchMap":{"0":{"loc":{"start":{"line":108,"column":4},"end":{"line":113,"column":5}},"type":"if","locations":[{"start":{"line":108,"column":4},"end":{"line":113,"column":5}},{"start":{"line":108,"column":4},"end":{"line":113,"column":5}}],"line":108},"1":{"loc":{"start":{"line":115,"column":4},"end":{"line":119,"column":5}},"type":"if","locations":[{"start":{"line":115,"column":4},"end":{"line":119,"column":5}},{"start":{"line":115,"column":4},"end":{"line":119,"column":5}}],"line":115},"2":{"loc":{"start":{"line":121,"column":4},"end":{"line":125,"column":5}},"type":"if","locations":[{"start":{"line":121,"column":4},"end":{"line":125,"column":5}},{"start":{"line":121,"column":4},"end":{"line":125,"column":5}}],"line":121},"3":{"loc":{"start":{"line":127,"column":4},"end":{"line":170,"column":5}},"type":"if","locations":[{"start":{"line":127,"column":4},"end":{"line":170,"column":5}},{"start":{"line":127,"column":4},"end":{"line":170,"column":5}}],"line":127},"4":{"loc":{"start":{"line":128,"column":6},"end":{"line":169,"column":7}},"type":"if","locations":[{"start":{"line":128,"column":6},"end":{"line":169,"column":7}},{"start":{"line":128,"column":6},"end":{"line":169,"column":7}}],"line":128},"5":{"loc":{"start":{"line":137,"column":12},"end":{"line":138,"column":37}},"type":"if","locations":[{"start":{"line":137,"column":12},"end":{"line":138,"column":37}},{"start":{"line":137,"column":12},"end":{"line":138,"column":37}}],"line":137},"6":{"loc":{"start":{"line":137,"column":16},"end":{"line":137,"column":62}},"type":"binary-expr","locations":[{"start":{"line":137,"column":16},"end":{"line":137,"column":34}},{"start":{"line":137,"column":38},"end":{"line":137,"column":62}}],"line":137},"7":{"loc":{"start":{"line":142,"column":12},"end":{"line":155,"column":13}},"type":"if","locations":[{"start":{"line":142,"column":12},"end":{"line":155,"column":13}},{"start":{"line":142,"column":12},"end":{"line":155,"column":13}}],"line":142},"8":{"loc":{"start":{"line":143,"column":14},"end":{"line":145,"column":15}},"type":"if","locations":[{"start":{"line":143,"column":14},"end":{"line":145,"column":15}},{"start":{"line":143,"column":14},"end":{"line":145,"column":15}}],"line":143},"9":{"loc":{"start":{"line":150,"column":14},"end":{"line":152,"column":15}},"type":"if","locations":[{"start":{"line":150,"column":14},"end":{"line":152,"column":15}},{"start":{"line":150,"column":14},"end":{"line":152,"column":15}}],"line":150},"10":{"loc":{"start":{"line":174,"column":4},"end":{"line":180,"column":5}},"type":"if","locations":[{"start":{"line":174,"column":4},"end":{"line":180,"column":5}},{"start":{"line":174,"column":4},"end":{"line":180,"column":5}}],"line":174},"11":{"loc":{"start":{"line":175,"column":6},"end":{"line":177,"column":48}},"type":"binary-expr","locations":[{"start":{"line":175,"column":6},"end":{"line":175,"column":40}},{"start":{"line":176,"column":6},"end":{"line":176,"column":50}},{"start":{"line":177,"column":6},"end":{"line":177,"column":48}}],"line":175},"12":{"loc":{"start":{"line":184,"column":4},"end":{"line":217,"column":5}},"type":"if","locations":[{"start":{"line":184,"column":4},"end":{"line":217,"column":5}},{"start":{"line":184,"column":4},"end":{"line":217,"column":5}}],"line":184},"13":{"loc":{"start":{"line":185,"column":6},"end":{"line":186,"column":45}},"type":"binary-expr","locations":[{"start":{"line":185,"column":6},"end":{"line":185,"column":54}},{"start":{"line":186,"column":6},"end":{"line":186,"column":45}}],"line":185},"14":{"loc":{"start":{"line":192,"column":6},"end":{"line":216,"column":7}},"type":"if","locations":[{"start":{"line":192,"column":6},"end":{"line":216,"column":7}},{"start":{"line":192,"column":6},"end":{"line":216,"column":7}}],"line":192},"15":{"loc":{"start":{"line":203,"column":8},"end":{"line":205,"column":9}},"type":"if","locations":[{"start":{"line":203,"column":8},"end":{"line":205,"column":9}},{"start":{"line":203,"column":8},"end":{"line":205,"column":9}}],"line":203},"16":{"loc":{"start":{"line":206,"column":13},"end":{"line":216,"column":7}},"type":"if","locations":[{"start":{"line":206,"column":13},"end":{"line":216,"column":7}},{"start":{"line":206,"column":13},"end":{"line":216,"column":7}}],"line":206},"17":{"loc":{"start":{"line":238,"column":6},"end":{"line":240,"column":7}},"type":"if","locations":[{"start":{"line":238,"column":6},"end":{"line":240,"column":7}},{"start":{"line":238,"column":6},"end":{"line":240,"column":7}}],"line":238},"18":{"loc":{"start":{"line":284,"column":8},"end":{"line":292,"column":9}},"type":"if","locations":[{"start":{"line":284,"column":8},"end":{"line":292,"column":9}},{"start":{"line":284,"column":8},"end":{"line":292,"column":9}}],"line":284},"19":{"loc":{"start":{"line":332,"column":4},"end":{"line":361,"column":5}},"type":"if","locations":[{"start":{"line":332,"column":4},"end":{"line":361,"column":5}},{"start":{"line":332,"column":4},"end":{"line":361,"column":5}}],"line":332},"20":{"loc":{"start":{"line":332,"column":8},"end":{"line":332,"column":36}},"type":"binary-expr","locations":[{"start":{"line":332,"column":8},"end":{"line":332,"column":20}},{"start":{"line":332,"column":24},"end":{"line":332,"column":36}}],"line":332},"21":{"loc":{"start":{"line":341,"column":6},"end":{"line":343,"column":7}},"type":"if","locations":[{"start":{"line":341,"column":6},"end":{"line":343,"column":7}},{"start":{"line":341,"column":6},"end":{"line":343,"column":7}}],"line":341},"22":{"loc":{"start":{"line":345,"column":6},"end":{"line":360,"column":7}},"type":"if","locations":[{"start":{"line":345,"column":6},"end":{"line":360,"column":7}},{"start":{"line":345,"column":6},"end":{"line":360,"column":7}}],"line":345},"23":{"loc":{"start":{"line":349,"column":8},"end":{"line":359,"column":9}},"type":"if","locations":[{"start":{"line":349,"column":8},"end":{"line":359,"column":9}},{"start":{"line":349,"column":8},"end":{"line":359,"column":9}}],"line":349},"24":{"loc":{"start":{"line":376,"column":4},"end":{"line":389,"column":5}},"type":"if","locations":[{"start":{"line":376,"column":4},"end":{"line":389,"column":5}},{"start":{"line":376,"column":4},"end":{"line":389,"column":5}}],"line":376},"25":{"loc":{"start":{"line":376,"column":8},"end":{"line":376,"column":36}},"type":"binary-expr","locations":[{"start":{"line":376,"column":8},"end":{"line":376,"column":20}},{"start":{"line":376,"column":24},"end":{"line":376,"column":36}}],"line":376},"26":{"loc":{"start":{"line":377,"column":6},"end":{"line":388,"column":7}},"type":"if","locations":[{"start":{"line":377,"column":6},"end":{"line":388,"column":7}},{"start":{"line":377,"column":6},"end":{"line":388,"column":7}}],"line":377},"27":{"loc":{"start":{"line":378,"column":8},"end":{"line":379,"column":42}},"type":"binary-expr","locations":[{"start":{"line":378,"column":8},"end":{"line":378,"column":42}},{"start":{"line":379,"column":8},"end":{"line":379,"column":42}}],"line":378},"28":{"loc":{"start":{"line":395,"column":4},"end":{"line":397,"column":5}},"type":"if","locations":[{"start":{"line":395,"column":4},"end":{"line":397,"column":5}},{"start":{"line":395,"column":4},"end":{"line":397,"column":5}}],"line":395},"29":{"loc":{"start":{"line":399,"column":4},"end":{"line":401,"column":5}},"type":"if","locations":[{"start":{"line":399,"column":4},"end":{"line":401,"column":5}},{"start":{"line":399,"column":4},"end":{"line":401,"column":5}}],"line":399}},"s":{"0":1,"1":0,"2":0,"3":0,"4":0,"5":0,"6":0,"7":0,"8":0,"9":0,"10":0,"11":0,"12":0,"13":0,"14":0,"15":0,"16":0,"17":0,"18":0,"19":0,"20":0,"21":0,"22":0,"23":0,"24":0,"25":0,"26":0,"27":0,"28":0,"29":0,"30":0,"31":0,"32":0,"33":0,"34":0,"35":0,"36":0,"37":0,"38":0,"39":0,"40":0,"41":0,"42":0,"43":0,"44":0,"45":0,"46":0,"47":0,"48":0,"49":0,"50":0,"51":0,"52":0,"53":0,"54":0,"55":0,"56":0,"57":0,"58":0,"59":0,"60":0,"61":0,"62":0,"63":0,"64":0,"65":0,"66":0,"67":0,"68":0,"69":0,"70":0,"71":0,"72":0,"73":0,"74":0,"75":0,"76":0,"77":0,"78":0,"79":0,"80":0,"81":0,"82":0,"83":0,"84":0,"85":0,"86":0,"87":0,"88":0,"89":0,"90":0,"91":0,"92":0,"93":0,"94":0,"95":0,"96":0,"97":0,"98":0,"99":0,"100":0,"101":0,"102":0,"103":0,"104":0,"105":0,"106":0,"107":0,"108":0,"109":0,"110":0,"111":0,"112":0,"113":0,"114":0,"115":0,"116":0,"117":0,"118":0,"119":0,"120":0,"121":0,"122":0,"123":0,"124":0,"125":0},"f":{"0":0,"1":0,"2":0,"3":0,"4":0,"5":0,"6":0,"7":0,"8":0,"9":0,"10":0,"11":0,"12":0,"13":0,"14":0,"15":0,"16":0,"17":0,"18":0,"19":0,"20":0,"21":0,"22":0,"23":0,"24":0,"25":0},"b":{"0":[0,0],"1":[0,0],"2":[0,0],"3":[0,0],"4":[0,0],"5":[0,0],"6":[0,0],"7":[0,0],"8":[0,0],"9":[0,0],"10":[0,0],"11":[0,0,0],"12":[0,0],"13":[0,0],"14":[0,0],"15":[0,0],"16":[0,0],"17":[0,0],"18":[0,0],"19":[0,0],"20":[0,0],"21":[0,0],"22":[0,0],"23":[0,0],"24":[0,0],"25":[0,0],"26":[0,0],"27":[0,0],"28":[0,0],"29":[0,0]},"_coverageSchema":"332fd63041d2c1bcb487cc26dd0d5f7d97098a6c","hash":"966dc35ac11e6f6096f35d9138ca6fd67b12c5fa"}
,"/Users/sccdesnaijer/Sites/2018/game-of-life-react/src/containers/Controls.jsx": {"path":"/Users/sccdesnaijer/Sites/2018/game-of-life-react/src/containers/Controls.jsx","statementMap":{"0":{"start":{"line":42,"column":16},"end":{"line":71,"column":1}},"1":{"start":{"line":43,"column":12},"end":{"line":54,"column":3}},"2":{"start":{"line":75,"column":4},"end":{"line":75,"column":31}},"3":{"start":{"line":79,"column":4},"end":{"line":79,"column":35}},"4":{"start":{"line":84,"column":6},"end":{"line":84,"column":75}},"5":{"start":{"line":85,"column":4},"end":{"line":162,"column":6}}},"fnMap":{"0":{"name":"(anonymous_0)","decl":{"start":{"line":43,"column":2},"end":{"line":43,"column":3}},"loc":{"start":{"line":43,"column":12},"end":{"line":54,"column":3}},"line":43},"1":{"name":"(anonymous_1)","decl":{"start":{"line":74,"column":20},"end":{"line":74,"column":21}},"loc":{"start":{"line":74,"column":26},"end":{"line":76,"column":3}},"line":74},"2":{"name":"(anonymous_2)","decl":{"start":{"line":78,"column":24},"end":{"line":78,"column":25}},"loc":{"start":{"line":78,"column":30},"end":{"line":80,"column":3}},"line":78},"3":{"name":"(anonymous_3)","decl":{"start":{"line":82,"column":2},"end":{"line":82,"column":3}},"loc":{"start":{"line":82,"column":11},"end":{"line":163,"column":3}},"line":82}},"branchMap":{"0":{"loc":{"start":{"line":84,"column":6},"end":{"line":84,"column":75}},"type":"binary-expr","locations":[{"start":{"line":84,"column":6},"end":{"line":84,"column":35}},{"start":{"line":84,"column":39},"end":{"line":84,"column":75}}],"line":84}},"s":{"0":1,"1":0,"2":0,"3":0,"4":0,"5":0},"f":{"0":0,"1":0,"2":0,"3":0},"b":{"0":[0,0]},"_coverageSchema":"332fd63041d2c1bcb487cc26dd0d5f7d97098a6c","hash":"8063db7a2ce51ce7b16c4d3b4f79051d5b551a85"}
,"/Users/sccdesnaijer/Sites/2018/game-of-life-react/src/containers/Game.jsx": {"path":"/Users/sccdesnaijer/Sites/2018/game-of-life-react/src/containers/Game.jsx","statementMap":{"0":{"start":{"line":15,"column":16},"end":{"line":27,"column":1}},"1":{"start":{"line":16,"column":12},"end":{"line":21,"column":3}},"2":{"start":{"line":37,"column":26},"end":{"line":37,"column":35}},"3":{"start":{"line":38,"column":4},"end":{"line":46,"column":5}},"4":{"start":{"line":39,"column":6},"end":{"line":41,"column":9}},"5":{"start":{"line":43,"column":6},"end":{"line":45,"column":7}},"6":{"start":{"line":44,"column":8},"end":{"line":44,"column":21}},"7":{"start":{"line":50,"column":4},"end":{"line":50,"column":17}},"8":{"start":{"line":52,"column":4},"end":{"line":52,"column":33}},"9":{"start":{"line":60,"column":4},"end":{"line":75,"column":5}},"10":{"start":{"line":61,"column":26},"end":{"line":61,"column":47}},"11":{"start":{"line":63,"column":6},"end":{"line":63,"column":52}},"12":{"start":{"line":65,"column":6},"end":{"line":65,"column":25}},"13":{"start":{"line":66,"column":6},"end":{"line":66,"column":42}},"14":{"start":{"line":69,"column":6},"end":{"line":74,"column":7}},"15":{"start":{"line":70,"column":8},"end":{"line":70,"column":58}},"16":{"start":{"line":73,"column":8},"end":{"line":73,"column":22}},"17":{"start":{"line":79,"column":26},"end":{"line":79,"column":36}},"18":{"start":{"line":80,"column":4},"end":{"line":84,"column":5}},"19":{"start":{"line":81,"column":6},"end":{"line":81,"column":33}},"20":{"start":{"line":83,"column":6},"end":{"line":83,"column":37}},"21":{"start":{"line":88,"column":4},"end":{"line":88,"column":41}},"22":{"start":{"line":89,"column":4},"end":{"line":89,"column":50}},"23":{"start":{"line":93,"column":4},"end":{"line":93,"column":22}}},"fnMap":{"0":{"name":"(anonymous_0)","decl":{"start":{"line":16,"column":2},"end":{"line":16,"column":3}},"loc":{"start":{"line":16,"column":12},"end":{"line":21,"column":3}},"line":16},"1":{"name":"(anonymous_1)","decl":{"start":{"line":36,"column":2},"end":{"line":36,"column":3}},"loc":{"start":{"line":36,"column":39},"end":{"line":47,"column":3}},"line":36},"2":{"name":"(anonymous_2)","decl":{"start":{"line":49,"column":2},"end":{"line":49,"column":3}},"loc":{"start":{"line":49,"column":22},"end":{"line":53,"column":3}},"line":49},"3":{"name":"(anonymous_3)","decl":{"start":{"line":55,"column":2},"end":{"line":55,"column":3}},"loc":{"start":{"line":55,"column":25},"end":{"line":57,"column":3}},"line":55},"4":{"name":"(anonymous_4)","decl":{"start":{"line":59,"column":15},"end":{"line":59,"column":16}},"loc":{"start":{"line":59,"column":26},"end":{"line":76,"column":3}},"line":59},"5":{"name":"(anonymous_5)","decl":{"start":{"line":78,"column":11},"end":{"line":78,"column":12}},"loc":{"start":{"line":78,"column":17},"end":{"line":85,"column":3}},"line":78},"6":{"name":"(anonymous_6)","decl":{"start":{"line":87,"column":10},"end":{"line":87,"column":11}},"loc":{"start":{"line":87,"column":16},"end":{"line":90,"column":3}},"line":87},"7":{"name":"(anonymous_7)","decl":{"start":{"line":92,"column":2},"end":{"line":92,"column":3}},"loc":{"start":{"line":92,"column":11},"end":{"line":94,"column":3}},"line":92}},"branchMap":{"0":{"loc":{"start":{"line":38,"column":4},"end":{"line":46,"column":5}},"type":"if","locations":[{"start":{"line":38,"column":4},"end":{"line":46,"column":5}},{"start":{"line":38,"column":4},"end":{"line":46,"column":5}}],"line":38},"1":{"loc":{"start":{"line":43,"column":6},"end":{"line":45,"column":7}},"type":"if","locations":[{"start":{"line":43,"column":6},"end":{"line":45,"column":7}},{"start":{"line":43,"column":6},"end":{"line":45,"column":7}}],"line":43},"2":{"loc":{"start":{"line":60,"column":4},"end":{"line":75,"column":5}},"type":"if","locations":[{"start":{"line":60,"column":4},"end":{"line":75,"column":5}},{"start":{"line":60,"column":4},"end":{"line":75,"column":5}}],"line":60},"3":{"loc":{"start":{"line":69,"column":6},"end":{"line":74,"column":7}},"type":"if","locations":[{"start":{"line":69,"column":6},"end":{"line":74,"column":7}},{"start":{"line":69,"column":6},"end":{"line":74,"column":7}}],"line":69},"4":{"loc":{"start":{"line":80,"column":4},"end":{"line":84,"column":5}},"type":"if","locations":[{"start":{"line":80,"column":4},"end":{"line":84,"column":5}},{"start":{"line":80,"column":4},"end":{"line":84,"column":5}}],"line":80}},"s":{"0":1,"1":0,"2":0,"3":0,"4":0,"5":0,"6":0,"7":0,"8":0,"9":0,"10":0,"11":0,"12":0,"13":0,"14":0,"15":0,"16":0,"17":0,"18":0,"19":0,"20":0,"21":0,"22":0,"23":0},"f":{"0":0,"1":0,"2":0,"3":0,"4":0,"5":0,"6":0,"7":0},"b":{"0":[0,0],"1":[0,0],"2":[0,0],"3":[0,0],"4":[0,0]},"_coverageSchema":"332fd63041d2c1bcb487cc26dd0d5f7d97098a6c","hash":"1e9513b2a16351443720353b1dd6918acc5f9282"}
,"/Users/sccdesnaijer/Sites/2018/game-of-life-react/src/containers/Preset.jsx": {"path":"/Users/sccdesnaijer/Sites/2018/game-of-life-react/src/containers/Preset.jsx","statementMap":{"0":{"start":{"line":12,"column":16},"end":{"line":19,"column":1}},"1":{"start":{"line":13,"column":21},"end":{"line":15,"column":3}},"2":{"start":{"line":22,"column":25},"end":{"line":22,"column":42}},"3":{"start":{"line":23,"column":4},"end":{"line":23,"column":40}},"4":{"start":{"line":27,"column":22},"end":{"line":27,"column":76}},"5":{"start":{"line":29,"column":4},"end":{"line":40,"column":6}}},"fnMap":{"0":{"name":"(anonymous_0)","decl":{"start":{"line":13,"column":2},"end":{"line":13,"column":3}},"loc":{"start":{"line":13,"column":21},"end":{"line":15,"column":3}},"line":13},"1":{"name":"(anonymous_1)","decl":{"start":{"line":21,"column":12},"end":{"line":21,"column":13}},"loc":{"start":{"line":21,"column":18},"end":{"line":24,"column":3}},"line":21},"2":{"name":"(anonymous_2)","decl":{"start":{"line":26,"column":2},"end":{"line":26,"column":3}},"loc":{"start":{"line":26,"column":11},"end":{"line":41,"column":3}},"line":26}},"branchMap":{"0":{"loc":{"start":{"line":27,"column":39},"end":{"line":27,"column":74}},"type":"cond-expr","locations":[{"start":{"line":27,"column":61},"end":{"line":27,"column":69}},{"start":{"line":27,"column":72},"end":{"line":27,"column":74}}],"line":27}},"s":{"0":1,"1":0,"2":0,"3":0,"4":0,"5":0},"f":{"0":0,"1":0,"2":0},"b":{"0":[0,0]},"_coverageSchema":"332fd63041d2c1bcb487cc26dd0d5f7d97098a6c","hash":"3392916f8d4931cb415a771fafeb539e00f4e992"}
,"/Users/sccdesnaijer/Sites/2018/game-of-life-react/src/containers/Presets.jsx": {"path":"/Users/sccdesnaijer/Sites/2018/game-of-life-react/src/containers/Presets.jsx","statementMap":{"0":{"start":{"line":12,"column":16},"end":{"line":19,"column":1}},"1":{"start":{"line":13,"column":12},"end":{"line":15,"column":3}},"2":{"start":{"line":22,"column":4},"end":{"line":22,"column":54}},"3":{"start":{"line":26,"column":4},"end":{"line":34,"column":6}},"4":{"start":{"line":30,"column":12},"end":{"line":30,"column":54}}},"fnMap":{"0":{"name":"(anonymous_0)","decl":{"start":{"line":13,"column":2},"end":{"line":13,"column":3}},"loc":{"start":{"line":13,"column":12},"end":{"line":15,"column":3}},"line":13},"1":{"name":"(anonymous_1)","decl":{"start":{"line":21,"column":12},"end":{"line":21,"column":13}},"loc":{"start":{"line":21,"column":22},"end":{"line":23,"column":3}},"line":21},"2":{"name":"(anonymous_2)","decl":{"start":{"line":25,"column":2},"end":{"line":25,"column":3}},"loc":{"start":{"line":25,"column":11},"end":{"line":35,"column":3}},"line":25},"3":{"name":"(anonymous_3)","decl":{"start":{"line":29,"column":23},"end":{"line":29,"column":24}},"loc":{"start":{"line":30,"column":12},"end":{"line":30,"column":54}},"line":30}},"branchMap":{},"s":{"0":1,"1":0,"2":0,"3":0,"4":0},"f":{"0":0,"1":0,"2":0,"3":0},"b":{},"_coverageSchema":"332fd63041d2c1bcb487cc26dd0d5f7d97098a6c","hash":"8c8293a36a51991c5bf71d70789d72f24ad2f1d4"}
,"/Users/sccdesnaijer/Sites/2018/game-of-life-react/src/helpers/color.js": {"path":"/Users/sccdesnaijer/Sites/2018/game-of-life-react/src/helpers/color.js","statementMap":{"0":{"start":{"line":4,"column":25},"end":{"line":4,"column":59}},"1":{"start":{"line":5,"column":2},"end":{"line":5,"column":75}},"2":{"start":{"line":5,"column":52},"end":{"line":5,"column":73}},"3":{"start":{"line":7,"column":17},"end":{"line":7,"column":70}},"4":{"start":{"line":8,"column":2},"end":{"line":14,"column":11}},"5":{"start":{"line":18,"column":2},"end":{"line":18,"column":56}}},"fnMap":{"0":{"name":"hexToRgb","decl":{"start":{"line":2,"column":16},"end":{"line":2,"column":24}},"loc":{"start":{"line":2,"column":30},"end":{"line":15,"column":1}},"line":2},"1":{"name":"(anonymous_1)","decl":{"start":{"line":5,"column":36},"end":{"line":5,"column":37}},"loc":{"start":{"line":5,"column":52},"end":{"line":5,"column":73}},"line":5},"2":{"name":"isValidHex","decl":{"start":{"line":17,"column":16},"end":{"line":17,"column":26}},"loc":{"start":{"line":17,"column":40},"end":{"line":19,"column":1}},"line":17}},"branchMap":{"0":{"loc":{"start":{"line":8,"column":9},"end":{"line":14,"column":10}},"type":"cond-expr","locations":[{"start":{"line":9,"column":6},"end":{"line":13,"column":7}},{"start":{"line":14,"column":6},"end":{"line":14,"column":10}}],"line":8}},"s":{"0":2,"1":2,"2":0,"3":2,"4":2,"5":0},"f":{"0":2,"1":0,"2":0},"b":{"0":[2,0]},"_coverageSchema":"332fd63041d2c1bcb487cc26dd0d5f7d97098a6c","hash":"097d4b105015f93735e0a54a2d09f350e49f773c"}
,"/Users/sccdesnaijer/Sites/2018/game-of-life-react/src/helpers/index.js": {"path":"/Users/sccdesnaijer/Sites/2018/game-of-life-react/src/helpers/index.js","statementMap":{"0":{"start":{"line":5,"column":15},"end":{"line":5,"column":17}},"1":{"start":{"line":6,"column":2},"end":{"line":11,"column":3}},"2":{"start":{"line":7,"column":4},"end":{"line":7,"column":18}},"3":{"start":{"line":8,"column":4},"end":{"line":10,"column":5}},"4":{"start":{"line":9,"column":6},"end":{"line":9,"column":25}},"5":{"start":{"line":12,"column":2},"end":{"line":12,"column":14}},"6":{"start":{"line":16,"column":15},"end":{"line":16,"column":51}},"7":{"start":{"line":16,"column":37},"end":{"line":16,"column":50}},"8":{"start":{"line":17,"column":23},"end":{"line":17,"column":31}},"9":{"start":{"line":19,"column":2},"end":{"line":25,"column":4}},"10":{"start":{"line":20,"column":4},"end":{"line":24,"column":6}},"11":{"start":{"line":21,"column":6},"end":{"line":23,"column":7}},"12":{"start":{"line":22,"column":8},"end":{"line":22,"column":52}},"13":{"start":{"line":26,"column":2},"end":{"line":26,"column":14}},"14":{"start":{"line":36,"column":16},"end":{"line":36,"column":38}},"15":{"start":{"line":37,"column":17},"end":{"line":37,"column":36}},"16":{"start":{"line":40,"column":2},"end":{"line":45,"column":3}},"17":{"start":{"line":41,"column":4},"end":{"line":44,"column":6}},"18":{"start":{"line":46,"column":22},"end":{"line":46,"column":46}},"19":{"start":{"line":47,"column":22},"end":{"line":47,"column":44}},"20":{"start":{"line":49,"column":14},"end":{"line":49,"column":37}},"21":{"start":{"line":50,"column":14},"end":{"line":50,"column":37}},"22":{"start":{"line":53,"column":2},"end":{"line":56,"column":4}},"23":{"start":{"line":61,"column":2},"end":{"line":63,"column":3}},"24":{"start":{"line":62,"column":4},"end":{"line":62,"column":20}},"25":{"start":{"line":64,"column":2},"end":{"line":67,"column":3}},"26":{"start":{"line":66,"column":4},"end":{"line":66,"column":24}},"27":{"start":{"line":68,"column":2},"end":{"line":68,"column":15}},"28":{"start":{"line":73,"column":18},"end":{"line":73,"column":47}},"29":{"start":{"line":74,"column":18},"end":{"line":74,"column":50}},"30":{"start":{"line":75,"column":2},"end":{"line":75,"column":44}},"31":{"start":{"line":80,"column":2},"end":{"line":106,"column":9}},"32":{"start":{"line":81,"column":20},"end":{"line":103,"column":6}},"33":{"start":{"line":83,"column":22},"end":{"line":83,"column":69}},"34":{"start":{"line":84,"column":24},"end":{"line":84,"column":67}},"35":{"start":{"line":85,"column":23},"end":{"line":85,"column":70}},"36":{"start":{"line":86,"column":25},"end":{"line":86,"column":68}},"37":{"start":{"line":87,"column":26},"end":{"line":87,"column":69}},"38":{"start":{"line":88,"column":25},"end":{"line":88,"column":72}},"39":{"start":{"line":89,"column":27},"end":{"line":89,"column":70}},"40":{"start":{"line":90,"column":26},"end":{"line":90,"column":73}},"41":{"start":{"line":93,"column":8},"end":{"line":100,"column":19}},"42":{"start":{"line":102,"column":6},"end":{"line":102,"column":53}},"43":{"start":{"line":104,"column":4},"end":{"line":104,"column":23}},"44":{"start":{"line":105,"column":4},"end":{"line":105,"column":16}},"45":{"start":{"line":111,"column":2},"end":{"line":124,"column":3}},"46":{"start":{"line":114,"column":4},"end":{"line":116,"column":5}},"47":{"start":{"line":115,"column":6},"end":{"line":115,"column":19}},"48":{"start":{"line":118,"column":4},"end":{"line":120,"column":5}},"49":{"start":{"line":119,"column":6},"end":{"line":119,"column":18}},"50":{"start":{"line":123,"column":4},"end":{"line":123,"column":33}},"51":{"start":{"line":131,"column":15},"end":{"line":131,"column":17}},"52":{"start":{"line":133,"column":24},"end":{"line":150,"column":4}},"53":{"start":{"line":134,"column":20},"end":{"line":134,"column":61}},"54":{"start":{"line":136,"column":20},"end":{"line":146,"column":6}},"55":{"start":{"line":137,"column":22},"end":{"line":137,"column":66}},"56":{"start":{"line":140,"column":6},"end":{"line":144,"column":9}},"57":{"start":{"line":145,"column":6},"end":{"line":145,"column":17}},"58":{"start":{"line":149,"column":4},"end":{"line":149,"column":19}},"59":{"start":{"line":151,"column":2},"end":{"line":151,"column":14}},"60":{"start":{"line":158,"column":22},"end":{"line":166,"column":3}},"61":{"start":{"line":159,"column":4},"end":{"line":165,"column":6}},"62":{"start":{"line":161,"column":6},"end":{"line":163,"column":7}},"63":{"start":{"line":162,"column":8},"end":{"line":162,"column":17}},"64":{"start":{"line":164,"column":6},"end":{"line":164,"column":44}},"65":{"start":{"line":167,"column":2},"end":{"line":167,"column":21}},"66":{"start":{"line":171,"column":2},"end":{"line":173,"column":3}},"67":{"start":{"line":172,"column":4},"end":{"line":172,"column":52}},"68":{"start":{"line":174,"column":2},"end":{"line":174,"column":51}},"69":{"start":{"line":178,"column":16},"end":{"line":178,"column":19}},"70":{"start":{"line":179,"column":19},"end":{"line":179,"column":32}},"71":{"start":{"line":180,"column":15},"end":{"line":180,"column":17}},"72":{"start":{"line":182,"column":2},"end":{"line":187,"column":3}},"73":{"start":{"line":184,"column":17},"end":{"line":184,"column":37}},"74":{"start":{"line":185,"column":24},"end":{"line":185,"column":52}},"75":{"start":{"line":186,"column":4},"end":{"line":186,"column":27}},"76":{"start":{"line":189,"column":2},"end":{"line":189,"column":14}}},"fnMap":{"0":{"name":"createEmptyGrid","decl":{"start":{"line":4,"column":16},"end":{"line":4,"column":31}},"loc":{"start":{"line":4,"column":58},"end":{"line":13,"column":1}},"line":4},"1":{"name":"createFixtureGrid","decl":{"start":{"line":15,"column":16},"end":{"line":15,"column":33}},"loc":{"start":{"line":15,"column":46},"end":{"line":27,"column":1}},"line":15},"2":{"name":"(anonymous_2)","decl":{"start":{"line":16,"column":30},"end":{"line":16,"column":31}},"loc":{"start":{"line":16,"column":37},"end":{"line":16,"column":50}},"line":16},"3":{"name":"(anonymous_3)","decl":{"start":{"line":19,"column":15},"end":{"line":19,"column":16}},"loc":{"start":{"line":20,"column":4},"end":{"line":24,"column":6}},"line":20},"4":{"name":"(anonymous_4)","decl":{"start":{"line":20,"column":16},"end":{"line":20,"column":17}},"loc":{"start":{"line":20,"column":31},"end":{"line":24,"column":5}},"line":20},"5":{"name":"calcPixelToGridPosition","decl":{"start":{"line":29,"column":16},"end":{"line":29,"column":39}},"loc":{"start":{"line":35,"column":2},"end":{"line":57,"column":1}},"line":35},"6":{"name":"getNextCell","decl":{"start":{"line":60,"column":9},"end":{"line":60,"column":20}},"loc":{"start":{"line":60,"column":34},"end":{"line":69,"column":1}},"line":60},"7":{"name":"calcNeighbour","decl":{"start":{"line":72,"column":9},"end":{"line":72,"column":22}},"loc":{"start":{"line":72,"column":39},"end":{"line":76,"column":1}},"line":72},"8":{"name":"calculateNextState","decl":{"start":{"line":79,"column":16},"end":{"line":79,"column":34}},"loc":{"start":{"line":79,"column":41},"end":{"line":107,"column":1}},"line":79},"9":{"name":"(anonymous_9)","decl":{"start":{"line":80,"column":21},"end":{"line":80,"column":22}},"loc":{"start":{"line":80,"column":46},"end":{"line":106,"column":3}},"line":80},"10":{"name":"(anonymous_10)","decl":{"start":{"line":81,"column":28},"end":{"line":81,"column":29}},"loc":{"start":{"line":81,"column":49},"end":{"line":103,"column":5}},"line":81},"11":{"name":"isAlive","decl":{"start":{"line":110,"column":9},"end":{"line":110,"column":16}},"loc":{"start":{"line":110,"column":41},"end":{"line":125,"column":1}},"line":110},"12":{"name":"calcPreset","decl":{"start":{"line":127,"column":16},"end":{"line":127,"column":26}},"loc":{"start":{"line":127,"column":61},"end":{"line":154,"column":1}},"line":127},"13":{"name":"(anonymous_13)","decl":{"start":{"line":133,"column":39},"end":{"line":133,"column":40}},"loc":{"start":{"line":133,"column":55},"end":{"line":150,"column":3}},"line":133},"14":{"name":"(anonymous_14)","decl":{"start":{"line":136,"column":29},"end":{"line":136,"column":30}},"loc":{"start":{"line":136,"column":44},"end":{"line":146,"column":5}},"line":136},"15":{"name":"recalcGrid","decl":{"start":{"line":157,"column":16},"end":{"line":157,"column":26}},"loc":{"start":{"line":157,"column":50},"end":{"line":168,"column":1}},"line":157},"16":{"name":"(anonymous_16)","decl":{"start":{"line":158,"column":36},"end":{"line":158,"column":37}},"loc":{"start":{"line":159,"column":4},"end":{"line":165,"column":6}},"line":159},"17":{"name":"(anonymous_17)","decl":{"start":{"line":159,"column":12},"end":{"line":159,"column":13}},"loc":{"start":{"line":159,"column":31},"end":{"line":165,"column":5}},"line":159},"18":{"name":"calcTotalCells","decl":{"start":{"line":170,"column":16},"end":{"line":170,"column":30}},"loc":{"start":{"line":170,"column":68},"end":{"line":175,"column":1}},"line":170},"19":{"name":"calcSteps","decl":{"start":{"line":177,"column":16},"end":{"line":177,"column":25}},"loc":{"start":{"line":177,"column":33},"end":{"line":190,"column":1}},"line":177}},"branchMap":{"0":{"loc":{"start":{"line":4,"column":47},"end":{"line":4,"column":56}},"type":"default-arg","locations":[{"start":{"line":4,"column":55},"end":{"line":4,"column":56}}],"line":4},"1":{"loc":{"start":{"line":21,"column":6},"end":{"line":23,"column":7}},"type":"if","locations":[{"start":{"line":21,"column":6},"end":{"line":23,"column":7}},{"start":{"line":21,"column":6},"end":{"line":23,"column":7}}],"line":21},"2":{"loc":{"start":{"line":21,"column":10},"end":{"line":21,"column":56}},"type":"binary-expr","locations":[{"start":{"line":21,"column":10},"end":{"line":21,"column":28}},{"start":{"line":21,"column":32},"end":{"line":21,"column":56}}],"line":21},"3":{"loc":{"start":{"line":40,"column":2},"end":{"line":45,"column":3}},"type":"if","locations":[{"start":{"line":40,"column":2},"end":{"line":45,"column":3}},{"start":{"line":40,"column":2},"end":{"line":45,"column":3}}],"line":40},"4":{"loc":{"start":{"line":40,"column":6},"end":{"line":40,"column":29}},"type":"binary-expr","locations":[{"start":{"line":40,"column":6},"end":{"line":40,"column":15}},{"start":{"line":40,"column":19},"end":{"line":40,"column":29}}],"line":40},"5":{"loc":{"start":{"line":61,"column":2},"end":{"line":63,"column":3}},"type":"if","locations":[{"start":{"line":61,"column":2},"end":{"line":63,"column":3}},{"start":{"line":61,"column":2},"end":{"line":63,"column":3}}],"line":61},"6":{"loc":{"start":{"line":64,"column":2},"end":{"line":67,"column":3}},"type":"if","locations":[{"start":{"line":64,"column":2},"end":{"line":67,"column":3}},{"start":{"line":64,"column":2},"end":{"line":67,"column":3}}],"line":64},"7":{"loc":{"start":{"line":102,"column":13},"end":{"line":102,"column":52}},"type":"cond-expr","locations":[{"start":{"line":102,"column":47},"end":{"line":102,"column":48}},{"start":{"line":102,"column":51},"end":{"line":102,"column":52}}],"line":102},"8":{"loc":{"start":{"line":111,"column":2},"end":{"line":124,"column":3}},"type":"if","locations":[{"start":{"line":111,"column":2},"end":{"line":124,"column":3}},{"start":{"line":111,"column":2},"end":{"line":124,"column":3}}],"line":111},"9":{"loc":{"start":{"line":114,"column":4},"end":{"line":116,"column":5}},"type":"if","locations":[{"start":{"line":114,"column":4},"end":{"line":116,"column":5}},{"start":{"line":114,"column":4},"end":{"line":116,"column":5}}],"line":114},"10":{"loc":{"start":{"line":114,"column":8},"end":{"line":114,"column":50}},"type":"binary-expr","locations":[{"start":{"line":114,"column":8},"end":{"line":114,"column":27}},{"start":{"line":114,"column":31},"end":{"line":114,"column":50}}],"line":114},"11":{"loc":{"start":{"line":118,"column":4},"end":{"line":120,"column":5}},"type":"if","locations":[{"start":{"line":118,"column":4},"end":{"line":120,"column":5}},{"start":{"line":118,"column":4},"end":{"line":120,"column":5}}],"line":118},"12":{"loc":{"start":{"line":118,"column":8},"end":{"line":118,"column":54}},"type":"binary-expr","locations":[{"start":{"line":118,"column":8},"end":{"line":118,"column":29}},{"start":{"line":118,"column":33},"end":{"line":118,"column":54}}],"line":118},"13":{"loc":{"start":{"line":161,"column":6},"end":{"line":163,"column":7}},"type":"if","locations":[{"start":{"line":161,"column":6},"end":{"line":163,"column":7}},{"start":{"line":161,"column":6},"end":{"line":163,"column":7}}],"line":161},"14":{"loc":{"start":{"line":161,"column":10},"end":{"line":161,"column":66}},"type":"binary-expr","locations":[{"start":{"line":161,"column":10},"end":{"line":161,"column":31}},{"start":{"line":161,"column":35},"end":{"line":161,"column":66}}],"line":161},"15":{"loc":{"start":{"line":171,"column":2},"end":{"line":173,"column":3}},"type":"if","locations":[{"start":{"line":171,"column":2},"end":{"line":173,"column":3}},{"start":{"line":171,"column":2},"end":{"line":173,"column":3}}],"line":171}},"s":{"0":0,"1":0,"2":0,"3":0,"4":0,"5":0,"6":0,"7":0,"8":0,"9":0,"10":0,"11":0,"12":0,"13":0,"14":0,"15":0,"16":0,"17":0,"18":0,"19":0,"20":0,"21":0,"22":0,"23":0,"24":0,"25":0,"26":0,"27":0,"28":0,"29":0,"30":0,"31":0,"32":0,"33":0,"34":0,"35":0,"36":0,"37":0,"38":0,"39":0,"40":0,"41":0,"42":0,"43":0,"44":0,"45":0,"46":0,"47":0,"48":0,"49":0,"50":0,"51":0,"52":0,"53":0,"54":0,"55":0,"56":0,"57":0,"58":0,"59":0,"60":0,"61":0,"62":0,"63":0,"64":0,"65":0,"66":2,"67":1,"68":1,"69":0,"70":0,"71":0,"72":0,"73":0,"74":0,"75":0,"76":0},"f":{"0":0,"1":0,"2":0,"3":0,"4":0,"5":0,"6":0,"7":0,"8":0,"9":0,"10":0,"11":0,"12":0,"13":0,"14":0,"15":0,"16":0,"17":0,"18":2,"19":0},"b":{"0":[0],"1":[0,0],"2":[0,0],"3":[0,0],"4":[0,0],"5":[0,0],"6":[0,0],"7":[0,0],"8":[0,0],"9":[0,0],"10":[0,0],"11":[0,0],"12":[0,0],"13":[0,0],"14":[0,0],"15":[1,1]},"_coverageSchema":"332fd63041d2c1bcb487cc26dd0d5f7d97098a6c","hash":"775833d3d50f738bc91228e9e123509145046cd5"}
,"/Users/sccdesnaijer/Sites/2018/game-of-life-react/src/reducers/gameState.js": {"path":"/Users/sccdesnaijer/Sites/2018/game-of-life-react/src/reducers/gameState.js","statementMap":{"0":{"start":{"line":13,"column":21},"end":{"line":23,"column":1}},"1":{"start":{"line":25,"column":22},"end":{"line":25,"column":57}},"2":{"start":{"line":25,"column":31},"end":{"line":25,"column":57}},"3":{"start":{"line":26,"column":25},"end":{"line":26,"column":64}},"4":{"start":{"line":26,"column":34},"end":{"line":26,"column":64}},"5":{"start":{"line":27,"column":31},"end":{"line":27,"column":75}},"6":{"start":{"line":27,"column":40},"end":{"line":27,"column":75}},"7":{"start":{"line":28,"column":28},"end":{"line":28,"column":69}},"8":{"start":{"line":28,"column":37},"end":{"line":28,"column":69}},"9":{"start":{"line":29,"column":23},"end":{"line":29,"column":59}},"10":{"start":{"line":29,"column":32},"end":{"line":29,"column":59}},"11":{"start":{"line":30,"column":25},"end":{"line":30,"column":63}},"12":{"start":{"line":30,"column":34},"end":{"line":30,"column":63}},"13":{"start":{"line":31,"column":31},"end":{"line":32,"column":44}},"14":{"start":{"line":32,"column":2},"end":{"line":32,"column":44}},"15":{"start":{"line":33,"column":24},"end":{"line":33,"column":61}},"16":{"start":{"line":33,"column":33},"end":{"line":33,"column":61}},"17":{"start":{"line":35,"column":25},"end":{"line":121,"column":1}},"18":{"start":{"line":36,"column":2},"end":{"line":120,"column":3}},"19":{"start":{"line":38,"column":26},"end":{"line":38,"column":40}},"20":{"start":{"line":39,"column":6},"end":{"line":41,"column":7}},"21":{"start":{"line":40,"column":8},"end":{"line":40,"column":21}},"22":{"start":{"line":42,"column":19},"end":{"line":42,"column":51}},"23":{"start":{"line":43,"column":6},"end":{"line":48,"column":8}},"24":{"start":{"line":51,"column":6},"end":{"line":54,"column":8}},"25":{"start":{"line":57,"column":22},"end":{"line":57,"column":36}},"26":{"start":{"line":58,"column":6},"end":{"line":61,"column":8}},"27":{"start":{"line":65,"column":8},"end":{"line":65,"column":65}},"28":{"start":{"line":67,"column":6},"end":{"line":70,"column":8}},"29":{"start":{"line":73,"column":24},"end":{"line":73,"column":46}},"30":{"start":{"line":74,"column":6},"end":{"line":79,"column":8}},"31":{"start":{"line":82,"column":24},"end":{"line":82,"column":46}},"32":{"start":{"line":83,"column":6},"end":{"line":89,"column":7}},"33":{"start":{"line":84,"column":8},"end":{"line":88,"column":10}},"34":{"start":{"line":91,"column":6},"end":{"line":98,"column":8}},"35":{"start":{"line":101,"column":28},"end":{"line":101,"column":42}},"36":{"start":{"line":102,"column":6},"end":{"line":108,"column":8}},"37":{"start":{"line":111,"column":24},"end":{"line":111,"column":38}},"38":{"start":{"line":112,"column":6},"end":{"line":115,"column":8}},"39":{"start":{"line":118,"column":6},"end":{"line":118,"column":19}}},"fnMap":{"0":{"name":"(anonymous_0)","decl":{"start":{"line":25,"column":22},"end":{"line":25,"column":23}},"loc":{"start":{"line":25,"column":31},"end":{"line":25,"column":57}},"line":25},"1":{"name":"(anonymous_1)","decl":{"start":{"line":26,"column":25},"end":{"line":26,"column":26}},"loc":{"start":{"line":26,"column":34},"end":{"line":26,"column":64}},"line":26},"2":{"name":"(anonymous_2)","decl":{"start":{"line":27,"column":31},"end":{"line":27,"column":32}},"loc":{"start":{"line":27,"column":40},"end":{"line":27,"column":75}},"line":27},"3":{"name":"(anonymous_3)","decl":{"start":{"line":28,"column":28},"end":{"line":28,"column":29}},"loc":{"start":{"line":28,"column":37},"end":{"line":28,"column":69}},"line":28},"4":{"name":"(anonymous_4)","decl":{"start":{"line":29,"column":23},"end":{"line":29,"column":24}},"loc":{"start":{"line":29,"column":32},"end":{"line":29,"column":59}},"line":29},"5":{"name":"(anonymous_5)","decl":{"start":{"line":30,"column":25},"end":{"line":30,"column":26}},"loc":{"start":{"line":30,"column":34},"end":{"line":30,"column":63}},"line":30},"6":{"name":"(anonymous_6)","decl":{"start":{"line":31,"column":31},"end":{"line":31,"column":32}},"loc":{"start":{"line":32,"column":2},"end":{"line":32,"column":44}},"line":32},"7":{"name":"(anonymous_7)","decl":{"start":{"line":33,"column":24},"end":{"line":33,"column":25}},"loc":{"start":{"line":33,"column":33},"end":{"line":33,"column":61}},"line":33},"8":{"name":"(anonymous_8)","decl":{"start":{"line":35,"column":25},"end":{"line":35,"column":26}},"loc":{"start":{"line":35,"column":66},"end":{"line":121,"column":1}},"line":35}},"branchMap":{"0":{"loc":{"start":{"line":35,"column":26},"end":{"line":35,"column":53}},"type":"default-arg","locations":[{"start":{"line":35,"column":41},"end":{"line":35,"column":53}}],"line":35},"1":{"loc":{"start":{"line":36,"column":2},"end":{"line":120,"column":3}},"type":"switch","locations":[{"start":{"line":37,"column":4},"end":{"line":49,"column":5}},{"start":{"line":50,"column":4},"end":{"line":55,"column":5}},{"start":{"line":56,"column":4},"end":{"line":62,"column":5}},{"start":{"line":63,"column":4},"end":{"line":71,"column":5}},{"start":{"line":72,"column":4},"end":{"line":80,"column":5}},{"start":{"line":81,"column":4},"end":{"line":99,"column":5}},{"start":{"line":100,"column":4},"end":{"line":109,"column":5}},{"start":{"line":110,"column":4},"end":{"line":116,"column":5}},{"start":{"line":117,"column":4},"end":{"line":119,"column":5}}],"line":36},"2":{"loc":{"start":{"line":39,"column":6},"end":{"line":41,"column":7}},"type":"if","locations":[{"start":{"line":39,"column":6},"end":{"line":41,"column":7}},{"start":{"line":39,"column":6},"end":{"line":41,"column":7}}],"line":39},"3":{"loc":{"start":{"line":39,"column":10},"end":{"line":39,"column":69}},"type":"binary-expr","locations":[{"start":{"line":39,"column":10},"end":{"line":39,"column":34}},{"start":{"line":39,"column":38},"end":{"line":39,"column":69}}],"line":39},"4":{"loc":{"start":{"line":42,"column":19},"end":{"line":42,"column":51}},"type":"cond-expr","locations":[{"start":{"line":42,"column":29},"end":{"line":42,"column":38}},{"start":{"line":42,"column":41},"end":{"line":42,"column":51}}],"line":42},"5":{"loc":{"start":{"line":65,"column":8},"end":{"line":65,"column":65}},"type":"cond-expr","locations":[{"start":{"line":65,"column":41},"end":{"line":65,"column":52}},{"start":{"line":65,"column":55},"end":{"line":65,"column":65}}],"line":65},"6":{"loc":{"start":{"line":83,"column":6},"end":{"line":89,"column":7}},"type":"if","locations":[{"start":{"line":83,"column":6},"end":{"line":89,"column":7}},{"start":{"line":83,"column":6},"end":{"line":89,"column":7}}],"line":83}},"s":{"0":1,"1":1,"2":0,"3":1,"4":0,"5":1,"6":0,"7":1,"8":0,"9":1,"10":0,"11":1,"12":0,"13":1,"14":0,"15":1,"16":0,"17":1,"18":0,"19":0,"20":0,"21":0,"22":0,"23":0,"24":0,"25":0,"26":0,"27":0,"28":0,"29":0,"30":0,"31":0,"32":0,"33":0,"34":0,"35":0,"36":0,"37":0,"38":0,"39":0},"f":{"0":0,"1":0,"2":0,"3":0,"4":0,"5":0,"6":0,"7":0,"8":0},"b":{"0":[0],"1":[0,0,0,0,0,0,0,0,0],"2":[0,0],"3":[0,0],"4":[0,0],"5":[0,0],"6":[0,0]},"_coverageSchema":"332fd63041d2c1bcb487cc26dd0d5f7d97098a6c","hash":"a6a9037fc166854b9a9f8bf9b8d80398e253bd55"}
,"/Users/sccdesnaijer/Sites/2018/game-of-life-react/src/reducers/grid.js": {"path":"/Users/sccdesnaijer/Sites/2018/game-of-life-react/src/reducers/grid.js","statementMap":{"0":{"start":{"line":6,"column":17},"end":{"line":6,"column":19}},"1":{"start":{"line":8,"column":21},"end":{"line":14,"column":1}},"2":{"start":{"line":16,"column":31},"end":{"line":22,"column":1}},"3":{"start":{"line":17,"column":2},"end":{"line":20,"column":3}},"4":{"start":{"line":18,"column":22},"end":{"line":18,"column":51}},"5":{"start":{"line":19,"column":4},"end":{"line":19,"column":65}},"6":{"start":{"line":21,"column":2},"end":{"line":21,"column":15}},"7":{"start":{"line":23,"column":28},"end":{"line":23,"column":62}},"8":{"start":{"line":23,"column":37},"end":{"line":23,"column":62}},"9":{"start":{"line":24,"column":23},"end":{"line":24,"column":62}},"10":{"start":{"line":24,"column":32},"end":{"line":24,"column":62}},"11":{"start":{"line":25,"column":26},"end":{"line":25,"column":68}},"12":{"start":{"line":25,"column":35},"end":{"line":25,"column":68}},"13":{"start":{"line":26,"column":23},"end":{"line":26,"column":62}},"14":{"start":{"line":26,"column":32},"end":{"line":26,"column":62}},"15":{"start":{"line":27,"column":27},"end":{"line":27,"column":70}},"16":{"start":{"line":27,"column":36},"end":{"line":27,"column":70}},"17":{"start":{"line":28,"column":28},"end":{"line":28,"column":72}},"18":{"start":{"line":28,"column":37},"end":{"line":28,"column":72}},"19":{"start":{"line":29,"column":31},"end":{"line":36,"column":1}},"20":{"start":{"line":30,"column":38},"end":{"line":30,"column":63}},"21":{"start":{"line":31,"column":2},"end":{"line":35,"column":4}},"22":{"start":{"line":38,"column":27},"end":{"line":38,"column":58}},"23":{"start":{"line":38,"column":36},"end":{"line":38,"column":58}},"24":{"start":{"line":40,"column":20},"end":{"line":134,"column":1}},"25":{"start":{"line":41,"column":2},"end":{"line":133,"column":3}},"26":{"start":{"line":43,"column":23},"end":{"line":43,"column":37}},"27":{"start":{"line":45,"column":6},"end":{"line":47,"column":8}},"28":{"start":{"line":50,"column":23},"end":{"line":50,"column":37}},"29":{"start":{"line":51,"column":6},"end":{"line":54,"column":8}},"30":{"start":{"line":57,"column":24},"end":{"line":57,"column":38}},"31":{"start":{"line":58,"column":20},"end":{"line":58,"column":35}},"32":{"start":{"line":60,"column":22},"end":{"line":62,"column":8}},"33":{"start":{"line":61,"column":8},"end":{"line":61,"column":47}},"34":{"start":{"line":64,"column":6},"end":{"line":67,"column":8}},"35":{"start":{"line":70,"column":35},"end":{"line":70,"column":49}},"36":{"start":{"line":72,"column":19},"end":{"line":79,"column":7}},"37":{"start":{"line":73,"column":8},"end":{"line":78,"column":10}},"38":{"start":{"line":74,"column":10},"end":{"line":76,"column":11}},"39":{"start":{"line":75,"column":12},"end":{"line":75,"column":34}},"40":{"start":{"line":77,"column":10},"end":{"line":77,"column":22}},"41":{"start":{"line":80,"column":6},"end":{"line":83,"column":8}},"42":{"start":{"line":86,"column":26},"end":{"line":86,"column":40}},"43":{"start":{"line":87,"column":6},"end":{"line":90,"column":8}},"44":{"start":{"line":93,"column":23},"end":{"line":93,"column":37}},"45":{"start":{"line":94,"column":6},"end":{"line":97,"column":8}},"46":{"start":{"line":100,"column":27},"end":{"line":100,"column":41}},"47":{"start":{"line":101,"column":6},"end":{"line":104,"column":8}},"48":{"start":{"line":107,"column":28},"end":{"line":107,"column":42}},"49":{"start":{"line":108,"column":6},"end":{"line":111,"column":8}},"50":{"start":{"line":114,"column":19},"end":{"line":114,"column":59}},"51":{"start":{"line":114,"column":41},"end":{"line":114,"column":58}},"52":{"start":{"line":114,"column":56},"end":{"line":114,"column":57}},"53":{"start":{"line":115,"column":6},"end":{"line":118,"column":8}},"54":{"start":{"line":121,"column":19},"end":{"line":123,"column":7}},"55":{"start":{"line":122,"column":8},"end":{"line":122,"column":49}},"56":{"start":{"line":122,"column":23},"end":{"line":122,"column":48}},"57":{"start":{"line":124,"column":6},"end":{"line":127,"column":8}},"58":{"start":{"line":131,"column":6},"end":{"line":131,"column":19}}},"fnMap":{"0":{"name":"(anonymous_0)","decl":{"start":{"line":16,"column":31},"end":{"line":16,"column":32}},"loc":{"start":{"line":16,"column":40},"end":{"line":22,"column":1}},"line":16},"1":{"name":"(anonymous_1)","decl":{"start":{"line":23,"column":28},"end":{"line":23,"column":29}},"loc":{"start":{"line":23,"column":37},"end":{"line":23,"column":62}},"line":23},"2":{"name":"(anonymous_2)","decl":{"start":{"line":24,"column":23},"end":{"line":24,"column":24}},"loc":{"start":{"line":24,"column":32},"end":{"line":24,"column":62}},"line":24},"3":{"name":"(anonymous_3)","decl":{"start":{"line":25,"column":26},"end":{"line":25,"column":27}},"loc":{"start":{"line":25,"column":35},"end":{"line":25,"column":68}},"line":25},"4":{"name":"(anonymous_4)","decl":{"start":{"line":26,"column":23},"end":{"line":26,"column":24}},"loc":{"start":{"line":26,"column":32},"end":{"line":26,"column":62}},"line":26},"5":{"name":"(anonymous_5)","decl":{"start":{"line":27,"column":27},"end":{"line":27,"column":28}},"loc":{"start":{"line":27,"column":36},"end":{"line":27,"column":70}},"line":27},"6":{"name":"(anonymous_6)","decl":{"start":{"line":28,"column":28},"end":{"line":28,"column":29}},"loc":{"start":{"line":28,"column":37},"end":{"line":28,"column":72}},"line":28},"7":{"name":"(anonymous_7)","decl":{"start":{"line":29,"column":31},"end":{"line":29,"column":32}},"loc":{"start":{"line":29,"column":40},"end":{"line":36,"column":1}},"line":29},"8":{"name":"(anonymous_8)","decl":{"start":{"line":38,"column":27},"end":{"line":38,"column":28}},"loc":{"start":{"line":38,"column":36},"end":{"line":38,"column":58}},"line":38},"9":{"name":"(anonymous_9)","decl":{"start":{"line":40,"column":20},"end":{"line":40,"column":21}},"loc":{"start":{"line":40,"column":54},"end":{"line":134,"column":1}},"line":40},"10":{"name":"(anonymous_10)","decl":{"start":{"line":60,"column":32},"end":{"line":60,"column":33}},"loc":{"start":{"line":60,"column":40},"end":{"line":62,"column":7}},"line":60},"11":{"name":"(anonymous_11)","decl":{"start":{"line":72,"column":34},"end":{"line":72,"column":35}},"loc":{"start":{"line":73,"column":8},"end":{"line":78,"column":10}},"line":73},"12":{"name":"(anonymous_12)","decl":{"start":{"line":73,"column":17},"end":{"line":73,"column":18}},"loc":{"start":{"line":73,"column":33},"end":{"line":78,"column":9}},"line":73},"13":{"name":"(anonymous_13)","decl":{"start":{"line":114,"column":34},"end":{"line":114,"column":35}},"loc":{"start":{"line":114,"column":41},"end":{"line":114,"column":58}},"line":114},"14":{"name":"(anonymous_14)","decl":{"start":{"line":114,"column":49},"end":{"line":114,"column":50}},"loc":{"start":{"line":114,"column":56},"end":{"line":114,"column":57}},"line":114},"15":{"name":"(anonymous_15)","decl":{"start":{"line":121,"column":34},"end":{"line":121,"column":35}},"loc":{"start":{"line":122,"column":8},"end":{"line":122,"column":49}},"line":122},"16":{"name":"(anonymous_16)","decl":{"start":{"line":122,"column":16},"end":{"line":122,"column":17}},"loc":{"start":{"line":122,"column":23},"end":{"line":122,"column":48}},"line":122}},"branchMap":{"0":{"loc":{"start":{"line":17,"column":2},"end":{"line":20,"column":3}},"type":"if","locations":[{"start":{"line":17,"column":2},"end":{"line":20,"column":3}},{"start":{"line":17,"column":2},"end":{"line":20,"column":3}}],"line":17},"1":{"loc":{"start":{"line":40,"column":21},"end":{"line":40,"column":41}},"type":"default-arg","locations":[{"start":{"line":40,"column":29},"end":{"line":40,"column":41}}],"line":40},"2":{"loc":{"start":{"line":41,"column":2},"end":{"line":133,"column":3}},"type":"switch","locations":[{"start":{"line":42,"column":4},"end":{"line":48,"column":5}},{"start":{"line":49,"column":4},"end":{"line":55,"column":5}},{"start":{"line":56,"column":4},"end":{"line":68,"column":5}},{"start":{"line":69,"column":4},"end":{"line":84,"column":5}},{"start":{"line":85,"column":4},"end":{"line":91,"column":5}},{"start":{"line":92,"column":4},"end":{"line":98,"column":5}},{"start":{"line":99,"column":4},"end":{"line":105,"column":5}},{"start":{"line":106,"column":4},"end":{"line":112,"column":5}},{"start":{"line":113,"column":4},"end":{"line":119,"column":5}},{"start":{"line":120,"column":4},"end":{"line":128,"column":5}},{"start":{"line":130,"column":4},"end":{"line":132,"column":5}}],"line":41},"3":{"loc":{"start":{"line":74,"column":10},"end":{"line":76,"column":11}},"type":"if","locations":[{"start":{"line":74,"column":10},"end":{"line":76,"column":11}},{"start":{"line":74,"column":10},"end":{"line":76,"column":11}}],"line":74},"4":{"loc":{"start":{"line":74,"column":14},"end":{"line":74,"column":41}},"type":"binary-expr","locations":[{"start":{"line":74,"column":14},"end":{"line":74,"column":26}},{"start":{"line":74,"column":30},"end":{"line":74,"column":41}}],"line":74},"5":{"loc":{"start":{"line":75,"column":19},"end":{"line":75,"column":33}},"type":"cond-expr","locations":[{"start":{"line":75,"column":28},"end":{"line":75,"column":29}},{"start":{"line":75,"column":32},"end":{"line":75,"column":33}}],"line":75}},"s":{"0":1,"1":1,"2":1,"3":0,"4":0,"5":0,"6":0,"7":1,"8":0,"9":1,"10":0,"11":1,"12":0,"13":1,"14":0,"15":1,"16":0,"17":1,"18":0,"19":1,"20":0,"21":0,"22":1,"23":0,"24":1,"25":0,"26":0,"27":0,"28":0,"29":0,"30":0,"31":0,"32":0,"33":0,"34":0,"35":0,"36":0,"37":0,"38":0,"39":0,"40":0,"41":0,"42":0,"43":0,"44":0,"45":0,"46":0,"47":0,"48":0,"49":0,"50":0,"51":0,"52":0,"53":0,"54":0,"55":0,"56":0,"57":0,"58":0},"f":{"0":0,"1":0,"2":0,"3":0,"4":0,"5":0,"6":0,"7":0,"8":0,"9":0,"10":0,"11":0,"12":0,"13":0,"14":0,"15":0,"16":0},"b":{"0":[0,0],"1":[0],"2":[0,0,0,0,0,0,0,0,0,0,0],"3":[0,0],"4":[0,0],"5":[0,0]},"_coverageSchema":"332fd63041d2c1bcb487cc26dd0d5f7d97098a6c","hash":"9e49a7291c699313de10e98ad70e9648f57efaf0"}
}
