TN:
SF:/Users/sccdesnaijer/Sites/2018/game-of-life-react/src/enzyme.setup.js
FNF:0
FNH:0
DA:3,5
LF:1
LH:1
BRF:0
BRH:0
end_of_record
TN:
SF:/Users/sccdesnaijer/Sites/2018/game-of-life-react/src/actions/actions.js
FN:3,(anonymous_0)
FN:7,(anonymous_1)
FN:15,(anonymous_2)
FN:22,(anonymous_3)
FN:26,(anonymous_4)
FN:33,(anonymous_5)
FN:40,(anonymous_6)
FN:44,(anonymous_7)
FN:48,(anonymous_8)
FN:52,(anonymous_9)
FN:61,(anonymous_10)
FN:68,(anonymous_11)
FN:75,(anonymous_12)
FN:82,(anonymous_13)
FN:89,(anonymous_14)
FN:96,(anonymous_15)
FN:100,(anonymous_16)
FN:107,(anonymous_17)
FN:114,(anonymous_18)
FN:121,(anonymous_19)
FN:129,(anonymous_20)
FN:133,(anonymous_21)
FN:140,(anonymous_22)
FNF:23
FNH:0
FNDA:0,(anonymous_0)
FNDA:0,(anonymous_1)
FNDA:0,(anonymous_2)
FNDA:0,(anonymous_3)
FNDA:0,(anonymous_4)
FNDA:0,(anonymous_5)
FNDA:0,(anonymous_6)
FNDA:0,(anonymous_7)
FNDA:0,(anonymous_8)
FNDA:0,(anonymous_9)
FNDA:0,(anonymous_10)
FNDA:0,(anonymous_11)
FNDA:0,(anonymous_12)
FNDA:0,(anonymous_13)
FNDA:0,(anonymous_14)
FNDA:0,(anonymous_15)
FNDA:0,(anonymous_16)
FNDA:0,(anonymous_17)
FNDA:0,(anonymous_18)
FNDA:0,(anonymous_19)
FNDA:0,(anonymous_20)
FNDA:0,(anonymous_21)
FNDA:0,(anonymous_22)
DA:3,1
DA:7,1
DA:15,1
DA:22,1
DA:26,1
DA:33,1
DA:40,1
DA:44,1
DA:48,1
DA:52,1
DA:61,1
DA:68,1
DA:75,1
DA:82,1
DA:89,1
DA:96,1
DA:100,1
DA:107,1
DA:114,1
DA:121,1
DA:129,1
DA:133,1
DA:140,1
LF:23
LH:23
BRF:0
BRH:0
end_of_record
TN:
SF:/Users/sccdesnaijer/Sites/2018/game-of-life-react/src/components/App.jsx
FN:9,(anonymous_0)
FNF:1
FNH:1
FNDA:1,(anonymous_0)
DA:10,1
LF:1
LH:1
BRF:0
BRH:0
end_of_record
TN:
SF:/Users/sccdesnaijer/Sites/2018/game-of-life-react/src/components/Button.jsx
FN:12,(anonymous_0)
FNF:1
FNH:1
FNDA:2,(anonymous_0)
DA:12,2
DA:13,2
DA:22,2
LF:3
LH:3
BRDA:14,0,0,1
BRDA:14,0,1,1
BRDA:17,1,0,1
BRDA:17,1,1,1
BRF:4
BRH:4
end_of_record
TN:
SF:/Users/sccdesnaijer/Sites/2018/game-of-life-react/src/components/Canvas.jsx
FN:22,(anonymous_0)
FN:29,(anonymous_1)
FN:31,(anonymous_2)
FN:35,(anonymous_3)
FN:72,(anonymous_4)
FN:82,(anonymous_5)
FN:86,(anonymous_6)
FNF:7
FNH:7
FNDA:2,(anonymous_0)
FNDA:1,(anonymous_1)
FNDA:2,(anonymous_2)
FNDA:2,(anonymous_3)
FNDA:1,(anonymous_4)
FNDA:1,(anonymous_5)
FNDA:1,(anonymous_6)
DA:23,2
DA:24,2
DA:25,1
DA:32,2
DA:36,2
DA:37,2
DA:38,2
DA:40,2
DA:42,2
DA:44,2
DA:45,6
DA:46,18
DA:47,18
DA:48,18
DA:49,18
DA:52,18
DA:53,18
DA:54,18
DA:57,18
DA:60,18
DA:61,18
DA:62,18
DA:63,18
DA:65,18
DA:66,18
DA:73,1
DA:74,1
DA:76,1
DA:77,1
DA:78,1
DA:79,1
DA:83,1
DA:87,1
DA:88,1
DA:89,1
LF:35
LH:35
BRDA:24,0,0,1
BRDA:24,0,1,1
BRDA:54,1,0,10
BRDA:54,1,1,8
BRDA:57,2,0,10
BRDA:57,2,1,8
BRDA:60,3,0,18
BRDA:60,3,1,0
BRDA:60,4,0,18
BRDA:60,4,1,0
BRF:10
BRH:8
end_of_record
TN:
SF:/Users/sccdesnaijer/Sites/2018/game-of-life-react/src/components/Input.jsx
FN:20,(anonymous_0)
FN:27,(anonymous_1)
FN:48,(anonymous_2)
FNF:3
FNH:0
FNDA:0,(anonymous_0)
FNDA:0,(anonymous_1)
FNDA:0,(anonymous_2)
DA:21,0
DA:22,0
DA:28,0
DA:30,0
DA:31,0
DA:33,0
DA:37,0
DA:38,0
DA:39,0
DA:43,0
DA:44,0
DA:49,0
DA:50,0
LF:13
LH:0
BRDA:37,0,0,0
BRDA:37,0,1,0
BRDA:37,1,0,0
BRDA:37,1,1,0
BRDA:38,2,0,0
BRDA:38,2,1,0
BRDA:43,3,0,0
BRDA:43,3,1,0
BRF:8
BRH:0
end_of_record
TN:
SF:/Users/sccdesnaijer/Sites/2018/game-of-life-react/src/components/InputNumber.jsx
FN:24,(anonymous_0)
FN:32,(anonymous_1)
FN:49,(anonymous_2)
FNF:3
FNH:0
FNDA:0,(anonymous_0)
FNDA:0,(anonymous_1)
FNDA:0,(anonymous_2)
DA:25,0
DA:27,0
DA:33,0
DA:35,0
DA:36,0
DA:37,0
DA:38,0
DA:40,0
DA:44,0
DA:45,0
DA:50,0
LF:11
LH:0
BRDA:38,0,0,0
BRDA:38,0,1,0
BRDA:38,1,0,0
BRDA:38,1,1,0
BRDA:44,2,0,0
BRDA:44,2,1,0
BRF:6
BRH:0
end_of_record
TN:
SF:/Users/sccdesnaijer/Sites/2018/game-of-life-react/src/components/ToggleButton.jsx
FN:12,(anonymous_0)
FN:19,(anonymous_1)
FNF:2
FNH:2
FNDA:2,(anonymous_0)
FNDA:1,(anonymous_1)
DA:12,2
DA:19,2
DA:20,1
DA:22,2
LF:4
LH:4
BRDA:25,0,0,1
BRDA:25,0,1,1
BRF:2
BRH:2
end_of_record
TN:
SF:/Users/sccdesnaijer/Sites/2018/game-of-life-react/src/components/ToggleGroup.jsx
FN:6,(anonymous_0)
FN:13,(anonymous_1)
FN:19,(anonymous_2)
FNF:3
FNH:3
FNDA:2,(anonymous_0)
FNDA:1,(anonymous_1)
FNDA:3,(anonymous_2)
DA:7,2
DA:8,2
DA:14,1
DA:20,3
DA:21,3
DA:23,3
LF:6
LH:6
BRDA:21,0,0,2
BRDA:21,0,1,1
BRF:2
BRH:2
end_of_record
TN:
SF:/Users/sccdesnaijer/Sites/2018/game-of-life-react/src/constants/actions.js
FNF:0
FNH:0
LF:0
LH:0
BRF:0
BRH:0
end_of_record
TN:
SF:/Users/sccdesnaijer/Sites/2018/game-of-life-react/src/constants/fixture.js
FNF:0
FNH:0
LF:0
LH:0
BRF:0
BRH:0
end_of_record
TN:
SF:/Users/sccdesnaijer/Sites/2018/game-of-life-react/src/constants/keys.js
FNF:0
FNH:0
LF:0
LH:0
BRF:0
BRH:0
end_of_record
TN:
SF:/Users/sccdesnaijer/Sites/2018/game-of-life-react/src/constants/presets.js
FNF:0
FNH:0
LF:0
LH:0
BRF:0
BRH:0
end_of_record
TN:
SF:/Users/sccdesnaijer/Sites/2018/game-of-life-react/src/containers/Canvas.jsx
FN:31,(anonymous_0)
FN:63,(anonymous_1)
FN:81,(anonymous_2)
FN:83,(anonymous_3)
FN:94,(anonymous_4)
FN:103,(anonymous_5)
FN:132,(anonymous_6)
FN:133,(anonymous_7)
FN:173,(anonymous_8)
FN:183,(anonymous_9)
FN:220,(anonymous_10)
FN:221,(anonymous_11)
FN:223,(anonymous_12)
FN:233,(anonymous_13)
FN:234,(anonymous_14)
FN:237,(anonymous_15)
FN:261,(anonymous_16)
FN:265,(anonymous_17)
FN:297,(anonymous_18)
FN:303,(anonymous_19)
FN:309,(anonymous_20)
FN:324,(anonymous_21)
FN:366,(anonymous_22)
FN:373,(anonymous_23)
FN:393,(anonymous_24)
FN:404,(anonymous_25)
FNF:26
FNH:0
FNDA:0,(anonymous_0)
FNDA:0,(anonymous_1)
FNDA:0,(anonymous_2)
FNDA:0,(anonymous_3)
FNDA:0,(anonymous_4)
FNDA:0,(anonymous_5)
FNDA:0,(anonymous_6)
FNDA:0,(anonymous_7)
FNDA:0,(anonymous_8)
FNDA:0,(anonymous_9)
FNDA:0,(anonymous_10)
FNDA:0,(anonymous_11)
FNDA:0,(anonymous_12)
FNDA:0,(anonymous_13)
FNDA:0,(anonymous_14)
FNDA:0,(anonymous_15)
FNDA:0,(anonymous_16)
FNDA:0,(anonymous_17)
FNDA:0,(anonymous_18)
FNDA:0,(anonymous_19)
FNDA:0,(anonymous_20)
FNDA:0,(anonymous_21)
FNDA:0,(anonymous_22)
FNDA:0,(anonymous_23)
FNDA:0,(anonymous_24)
FNDA:0,(anonymous_25)
DA:30,1
DA:31,0
DA:64,0
DA:65,0
DA:81,0
DA:84,0
DA:86,0
DA:87,0
DA:88,0
DA:89,0
DA:90,0
DA:91,0
DA:95,0
DA:96,0
DA:97,0
DA:98,0
DA:99,0
DA:100,0
DA:104,0
DA:105,0
DA:108,0
DA:109,0
DA:115,0
DA:116,0
DA:121,0
DA:122,0
DA:127,0
DA:128,0
DA:129,0
DA:132,0
DA:133,0
DA:134,0
DA:137,0
DA:138,0
DA:140,0
DA:142,0
DA:143,0
DA:144,0
DA:146,0
DA:148,0
DA:150,0
DA:151,0
DA:154,0
DA:156,0
DA:161,0
DA:166,0
DA:174,0
DA:179,0
DA:184,0
DA:188,0
DA:189,0
DA:192,0
DA:197,0
DA:203,0
DA:204,0
DA:206,0
DA:209,0
DA:215,0
DA:221,0
DA:223,0
DA:224,0
DA:227,0
DA:234,0
DA:237,0
DA:238,0
DA:239,0
DA:244,0
DA:245,0
DA:246,0
DA:247,0
DA:248,0
DA:252,0
DA:255,0
DA:262,0
DA:266,0
DA:267,0
DA:268,0
DA:270,0
DA:272,0
DA:274,0
DA:275,0
DA:276,0
DA:277,0
DA:278,0
DA:279,0
DA:282,0
DA:284,0
DA:286,0
DA:287,0
DA:288,0
DA:290,0
DA:291,0
DA:298,0
DA:299,0
DA:300,0
DA:304,0
DA:305,0
DA:306,0
DA:310,0
DA:311,0
DA:318,0
DA:325,0
DA:330,0
DA:332,0
DA:333,0
DA:341,0
DA:342,0
DA:345,0
DA:347,0
DA:349,0
DA:351,0
DA:353,0
DA:355,0
DA:363,0
DA:367,0
DA:375,0
DA:376,0
DA:377,0
DA:381,0
DA:395,0
DA:396,0
DA:399,0
DA:400,0
DA:405,0
LF:124
LH:1
BRDA:108,0,0,0
BRDA:108,0,1,0
BRDA:115,1,0,0
BRDA:115,1,1,0
BRDA:121,2,0,0
BRDA:121,2,1,0
BRDA:127,3,0,0
BRDA:127,3,1,0
BRDA:128,4,0,0
BRDA:128,4,1,0
BRDA:137,5,0,0
BRDA:137,5,1,0
BRDA:137,6,0,0
BRDA:137,6,1,0
BRDA:142,7,0,0
BRDA:142,7,1,0
BRDA:143,8,0,0
BRDA:143,8,1,0
BRDA:150,9,0,0
BRDA:150,9,1,0
BRDA:174,10,0,0
BRDA:174,10,1,0
BRDA:175,11,0,0
BRDA:175,11,1,0
BRDA:175,11,2,0
BRDA:184,12,0,0
BRDA:184,12,1,0
BRDA:185,13,0,0
BRDA:185,13,1,0
BRDA:192,14,0,0
BRDA:192,14,1,0
BRDA:203,15,0,0
BRDA:203,15,1,0
BRDA:206,16,0,0
BRDA:206,16,1,0
BRDA:238,17,0,0
BRDA:238,17,1,0
BRDA:284,18,0,0
BRDA:284,18,1,0
BRDA:332,19,0,0
BRDA:332,19,1,0
BRDA:332,20,0,0
BRDA:332,20,1,0
BRDA:341,21,0,0
BRDA:341,21,1,0
BRDA:345,22,0,0
BRDA:345,22,1,0
BRDA:349,23,0,0
BRDA:349,23,1,0
BRDA:376,24,0,0
BRDA:376,24,1,0
BRDA:376,25,0,0
BRDA:376,25,1,0
BRDA:377,26,0,0
BRDA:377,26,1,0
BRDA:378,27,0,0
BRDA:378,27,1,0
BRDA:395,28,0,0
BRDA:395,28,1,0
BRDA:399,29,0,0
BRDA:399,29,1,0
BRF:61
BRH:0
end_of_record
TN:
SF:/Users/sccdesnaijer/Sites/2018/game-of-life-react/src/containers/Controls.jsx
FN:43,(anonymous_0)
FN:74,(anonymous_1)
FN:78,(anonymous_2)
FN:82,(anonymous_3)
FNF:4
FNH:0
FNDA:0,(anonymous_0)
FNDA:0,(anonymous_1)
FNDA:0,(anonymous_2)
FNDA:0,(anonymous_3)
DA:42,1
DA:43,0
DA:75,0
DA:79,0
DA:84,0
DA:85,0
LF:6
LH:1
BRDA:84,0,0,0
BRDA:84,0,1,0
BRF:2
BRH:0
end_of_record
TN:
SF:/Users/sccdesnaijer/Sites/2018/game-of-life-react/src/containers/Game.jsx
FN:16,(anonymous_0)
FN:36,(anonymous_1)
FN:49,(anonymous_2)
FN:55,(anonymous_3)
FN:59,(anonymous_4)
FN:78,(anonymous_5)
FN:87,(anonymous_6)
FN:92,(anonymous_7)
FNF:8
FNH:0
FNDA:0,(anonymous_0)
FNDA:0,(anonymous_1)
FNDA:0,(anonymous_2)
FNDA:0,(anonymous_3)
FNDA:0,(anonymous_4)
FNDA:0,(anonymous_5)
FNDA:0,(anonymous_6)
FNDA:0,(anonymous_7)
DA:15,1
DA:16,0
DA:37,0
DA:38,0
DA:39,0
DA:43,0
DA:44,0
DA:50,0
DA:52,0
DA:60,0
DA:61,0
DA:63,0
DA:65,0
DA:66,0
DA:69,0
DA:70,0
DA:73,0
DA:79,0
DA:80,0
DA:81,0
DA:83,0
DA:88,0
DA:89,0
DA:93,0
LF:24
LH:1
BRDA:38,0,0,0
BRDA:38,0,1,0
BRDA:43,1,0,0
BRDA:43,1,1,0
BRDA:60,2,0,0
BRDA:60,2,1,0
BRDA:69,3,0,0
BRDA:69,3,1,0
BRDA:80,4,0,0
BRDA:80,4,1,0
BRF:10
BRH:0
end_of_record
TN:
SF:/Users/sccdesnaijer/Sites/2018/game-of-life-react/src/containers/Preset.jsx
FN:13,(anonymous_0)
FN:21,(anonymous_1)
FN:26,(anonymous_2)
FNF:3
FNH:0
FNDA:0,(anonymous_0)
FNDA:0,(anonymous_1)
FNDA:0,(anonymous_2)
DA:12,1
DA:13,0
DA:22,0
DA:23,0
DA:27,0
DA:29,0
LF:6
LH:1
BRDA:27,0,0,0
BRDA:27,0,1,0
BRF:2
BRH:0
end_of_record
TN:
SF:/Users/sccdesnaijer/Sites/2018/game-of-life-react/src/containers/Presets.jsx
FN:13,(anonymous_0)
FN:21,(anonymous_1)
FN:25,(anonymous_2)
FN:29,(anonymous_3)
FNF:4
FNH:0
FNDA:0,(anonymous_0)
FNDA:0,(anonymous_1)
FNDA:0,(anonymous_2)
FNDA:0,(anonymous_3)
DA:12,1
DA:13,0
DA:22,0
DA:26,0
DA:30,0
LF:5
LH:1
BRF:0
BRH:0
end_of_record
TN:
SF:/Users/sccdesnaijer/Sites/2018/game-of-life-react/src/helpers/color.js
FN:2,hexToRgb
FN:5,(anonymous_1)
FN:17,isValidHex
FNF:3
FNH:1
FNDA:2,hexToRgb
FNDA:0,(anonymous_1)
FNDA:0,isValidHex
DA:4,2
DA:5,2
DA:7,2
DA:8,2
DA:18,0
LF:5
LH:4
BRDA:8,0,0,2
BRDA:8,0,1,0
BRF:2
BRH:1
end_of_record
TN:
SF:/Users/sccdesnaijer/Sites/2018/game-of-life-react/src/helpers/index.js
FN:4,createEmptyGrid
FN:15,createFixtureGrid
FN:16,(anonymous_2)
FN:19,(anonymous_3)
FN:20,(anonymous_4)
FN:29,calcPixelToGridPosition
FN:60,getNextCell
FN:72,calcNeighbour
FN:79,calculateNextState
FN:80,(anonymous_9)
FN:81,(anonymous_10)
FN:110,isAlive
FN:127,calcPreset
FN:133,(anonymous_13)
FN:136,(anonymous_14)
FN:157,recalcGrid
FN:158,(anonymous_16)
FN:159,(anonymous_17)
FN:170,calcTotalCells
FN:177,calcSteps
FNF:20
FNH:1
FNDA:0,createEmptyGrid
FNDA:0,createFixtureGrid
FNDA:0,(anonymous_2)
FNDA:0,(anonymous_3)
FNDA:0,(anonymous_4)
FNDA:0,calcPixelToGridPosition
FNDA:0,getNextCell
FNDA:0,calcNeighbour
FNDA:0,calculateNextState
FNDA:0,(anonymous_9)
FNDA:0,(anonymous_10)
FNDA:0,isAlive
FNDA:0,calcPreset
FNDA:0,(anonymous_13)
FNDA:0,(anonymous_14)
FNDA:0,recalcGrid
FNDA:0,(anonymous_16)
FNDA:0,(anonymous_17)
FNDA:2,calcTotalCells
FNDA:0,calcSteps
DA:5,0
DA:6,0
DA:7,0
DA:8,0
DA:9,0
DA:12,0
DA:16,0
DA:17,0
DA:19,0
DA:20,0
DA:21,0
DA:22,0
DA:26,0
DA:36,0
DA:37,0
DA:40,0
DA:41,0
DA:46,0
DA:47,0
DA:49,0
DA:50,0
DA:53,0
DA:61,0
DA:62,0
DA:64,0
DA:66,0
DA:68,0
DA:73,0
DA:74,0
DA:75,0
DA:80,0
DA:81,0
DA:83,0
DA:84,0
DA:85,0
DA:86,0
DA:87,0
DA:88,0
DA:89,0
DA:90,0
DA:93,0
DA:102,0
DA:104,0
DA:105,0
DA:111,0
DA:114,0
DA:115,0
DA:118,0
DA:119,0
DA:123,0
DA:131,0
DA:133,0
DA:134,0
DA:136,0
DA:137,0
DA:140,0
DA:145,0
DA:149,0
DA:151,0
DA:158,0
DA:159,0
DA:161,0
DA:162,0
DA:164,0
DA:167,0
DA:171,2
DA:172,1
DA:174,1
DA:178,0
DA:179,0
DA:180,0
DA:182,0
DA:184,0
DA:185,0
DA:186,0
DA:189,0
LF:76
LH:3
BRDA:4,0,0,0
BRDA:21,1,0,0
BRDA:21,1,1,0
BRDA:21,2,0,0
BRDA:21,2,1,0
BRDA:40,3,0,0
BRDA:40,3,1,0
BRDA:40,4,0,0
BRDA:40,4,1,0
BRDA:61,5,0,0
BRDA:61,5,1,0
BRDA:64,6,0,0
BRDA:64,6,1,0
BRDA:102,7,0,0
BRDA:102,7,1,0
BRDA:111,8,0,0
BRDA:111,8,1,0
BRDA:114,9,0,0
BRDA:114,9,1,0
BRDA:114,10,0,0
BRDA:114,10,1,0
BRDA:118,11,0,0
BRDA:118,11,1,0
BRDA:118,12,0,0
BRDA:118,12,1,0
BRDA:161,13,0,0
BRDA:161,13,1,0
BRDA:161,14,0,0
BRDA:161,14,1,0
BRDA:171,15,0,1
BRDA:171,15,1,1
BRF:31
BRH:2
end_of_record
TN:
SF:/Users/sccdesnaijer/Sites/2018/game-of-life-react/src/reducers/gameState.js
FN:25,(anonymous_0)
FN:26,(anonymous_1)
FN:27,(anonymous_2)
FN:28,(anonymous_3)
FN:29,(anonymous_4)
FN:30,(anonymous_5)
FN:31,(anonymous_6)
FN:33,(anonymous_7)
FN:35,(anonymous_8)
FNF:9
FNH:0
FNDA:0,(anonymous_0)
FNDA:0,(anonymous_1)
FNDA:0,(anonymous_2)
FNDA:0,(anonymous_3)
FNDA:0,(anonymous_4)
FNDA:0,(anonymous_5)
FNDA:0,(anonymous_6)
FNDA:0,(anonymous_7)
FNDA:0,(anonymous_8)
DA:13,1
DA:25,1
DA:26,1
DA:27,1
DA:28,1
DA:29,1
DA:30,1
DA:31,1
DA:32,0
DA:33,1
DA:35,1
DA:36,0
DA:38,0
DA:39,0
DA:40,0
DA:42,0
DA:43,0
DA:51,0
DA:57,0
DA:58,0
DA:65,0
DA:67,0
DA:73,0
DA:74,0
DA:82,0
DA:83,0
DA:84,0
DA:91,0
DA:101,0
DA:102,0
DA:111,0
DA:112,0
DA:118,0
LF:33
LH:10
BRDA:35,0,0,0
BRDA:36,1,0,0
BRDA:36,1,1,0
BRDA:36,1,2,0
BRDA:36,1,3,0
BRDA:36,1,4,0
BRDA:36,1,5,0
BRDA:36,1,6,0
BRDA:36,1,7,0
BRDA:36,1,8,0
BRDA:39,2,0,0
BRDA:39,2,1,0
BRDA:39,3,0,0
BRDA:39,3,1,0
BRDA:42,4,0,0
BRDA:42,4,1,0
BRDA:65,5,0,0
BRDA:65,5,1,0
BRDA:83,6,0,0
BRDA:83,6,1,0
BRF:20
BRH:0
end_of_record
TN:
SF:/Users/sccdesnaijer/Sites/2018/game-of-life-react/src/reducers/grid.js
FN:16,(anonymous_0)
FN:23,(anonymous_1)
FN:24,(anonymous_2)
FN:25,(anonymous_3)
FN:26,(anonymous_4)
FN:27,(anonymous_5)
FN:28,(anonymous_6)
FN:29,(anonymous_7)
FN:38,(anonymous_8)
FN:40,(anonymous_9)
FN:60,(anonymous_10)
FN:72,(anonymous_11)
FN:73,(anonymous_12)
FN:114,(anonymous_13)
FN:114,(anonymous_14)
FN:121,(anonymous_15)
FN:122,(anonymous_16)
FNF:17
FNH:0
FNDA:0,(anonymous_0)
FNDA:0,(anonymous_1)
FNDA:0,(anonymous_2)
FNDA:0,(anonymous_3)
FNDA:0,(anonymous_4)
FNDA:0,(anonymous_5)
FNDA:0,(anonymous_6)
FNDA:0,(anonymous_7)
FNDA:0,(anonymous_8)
FNDA:0,(anonymous_9)
FNDA:0,(anonymous_10)
FNDA:0,(anonymous_11)
FNDA:0,(anonymous_12)
FNDA:0,(anonymous_13)
FNDA:0,(anonymous_14)
FNDA:0,(anonymous_15)
FNDA:0,(anonymous_16)
DA:6,1
DA:8,1
DA:16,1
DA:17,0
DA:18,0
DA:19,0
DA:21,0
DA:23,1
DA:24,1
DA:25,1
DA:26,1
DA:27,1
DA:28,1
DA:29,1
DA:30,0
DA:31,0
DA:38,1
DA:40,1
DA:41,0
DA:43,0
DA:45,0
DA:50,0
DA:51,0
DA:57,0
DA:58,0
DA:60,0
DA:61,0
DA:64,0
DA:70,0
DA:72,0
DA:73,0
DA:74,0
DA:75,0
DA:77,0
DA:80,0
DA:86,0
DA:87,0
DA:93,0
DA:94,0
DA:100,0
DA:101,0
DA:107,0
DA:108,0
DA:114,0
DA:115,0
DA:121,0
DA:122,0
DA:124,0
DA:131,0
LF:49
LH:12
BRDA:17,0,0,0
BRDA:17,0,1,0
BRDA:40,1,0,0
BRDA:41,2,0,0
BRDA:41,2,1,0
BRDA:41,2,2,0
BRDA:41,2,3,0
BRDA:41,2,4,0
BRDA:41,2,5,0
BRDA:41,2,6,0
BRDA:41,2,7,0
BRDA:41,2,8,0
BRDA:41,2,9,0
BRDA:41,2,10,0
BRDA:74,3,0,0
BRDA:74,3,1,0
BRDA:74,4,0,0
BRDA:74,4,1,0
BRDA:75,5,0,0
BRDA:75,5,1,0
BRF:20
BRH:0
end_of_record
